<?xml version="1.0" encoding="UTF-8"?>
<!DOCTYPE html PUBLIC "-//W3C//DTD XHTML 1.0 Strict//EN" "http://www.w3.org/TR/xhtml1/DTD/xhtml1-strict.dtd">
<html xmlns="http://www.w3.org/1999/xhtml">
<head>
    <title>控制台自动化测试报告</title>
    <meta name="generator" content="HTMLTestRunner0.8.4"/>
    <meta http-equiv="Content-Type" content="text/html; charset=UTF-8"/>
    <link href="http://libs.baidu.com/bootstrap/3.0.3/css/bootstrap.min.css" rel="stylesheet">
    <script src="http://libs.baidu.com/jquery/2.0.0/jquery.min.js"></script>
    <script src="http://libs.baidu.com/bootstrap/3.0.3/js/bootstrap.min.js"></script>
    
<style type="text/css" media="screen">
body        { font-family: Microsoft YaHei,Tahoma,arial,helvetica,sans-serif;padding: 20px; font-size: 100%; }
table       { font-size: 100%; }
/* -- heading ---------------------------------------------------------------------- */
.heading {
    margin-top: 0ex;
    margin-bottom: 1ex;
    width: 50%;
    height: 230px;
    float: left;
}
.div_a {
    height:250x;
}
.div_r {
    width: 50%;
    height:230px;
    float: right;
    margin-bottom: 1ex;
    margin-top: 50px;
}
.heading .description {
    margin-top: 4ex;
    margin-bottom: 6ex;
}
/* -- report ------------------------------------------------------------------------ */
#total_row  { font-weight: bold; }
.passCase   { color: #5cb85c; }
.failCase   { color: #d9534f; font-weight: bold; }
.errorCase  { color: #f0ad4e; font-weight: bold; }
.hiddenRow  { display: none; }
.testcase   { margin-left: 2em; }
</style>

</head>
<body >
<div class='div_a'>
<div class='heading'>
<h1 style="font-family: Microsoft YaHei">控制台自动化测试报告</h1>
<p class='attribute'><strong>测试人员 : </strong> 骆炎宽</p>
<p class='attribute'><strong>开始时间 : </strong> 2020-06-12 18:13:03</p>
<p class='attribute'><strong>合计耗时 : </strong> 0:21:11.865645</p>
<p class='attribute'><strong>测试结果 : </strong> 共 43，通过 8，错误 35，通过率= 18.60%</p>

<p class='description'>用例测试情况:</p>
</div>
<div class="div_r">
	<p>
    <canvas id="canvas_circle"></canvas>
</p>
</div>
</div>


<p id='show_detail_line'>
<a class="btn btn-primary" href='javascript:showCase(4)'>预览{ 18.60% }</a>
<a class="btn btn-success" href='javascript:showCase(0)'>通过{ 8 }</a>
<a class="btn btn-danger" href='javascript:showCase(1)'>失败{ 0 }</a>
<a class="btn btn-warning" href='javascript:showCase(2)'>错误{ 35 }</a>
<a class="btn btn-info" href='javascript:showCase(3)'>全览{ 43 }</a>
</p>
<table id='result_table' class="table table-condensed table-bordered table-hover">
<colgroup>
<col align='left' />
<col align='right' />
<col align='right' />
<col align='right' />
<col align='right' />
<col align='right' />
</colgroup>
<tr id='header_row' class="text-center active" style="font-weight: bold;font-size: 14px;">
    <td>用例集/测试用例</td>
    <td>总计</td>
    <td>通过</td>
    <td>失败</td>
    <td>错误</td>
    <td>详细</td>
</tr>

<tr class='warning'>
    <td>test_base_dive_time.Dive_time</td>
    <td class="text-center">2</td>
    <td class="text-center">0</td>
    <td class="text-center">0</td>
    <td class="text-center">2</td>
    <td class="text-center"><a href="javascript:showClassDetail('c1',2)" class="detail" id='c1'>详细</a></td>
</tr>

<tr id='et1_1' class='none'>
    <td class='errorCase'><div class='testcase'>test_ntp_sync_pass</div></td>
    <td colspan='5' align='center'>
    <!--默认收起output信息 -Findyou
    <button id='btn_et1_1' type="button"  class="btn-xs collapsed" data-toggle="collapse" data-target='#div_et1_1'>错误</button>
    <div id='div_et1_1' class="collapse">  -->
    <!-- 默认展开output信息 -Findyou -->
    <button id='btn_et1_1' type="button"  class="btn-xs" data-toggle="collapse" data-target='#div_et1_1'>错误</button>
    <div id='div_et1_1' class="collapse in">
    <pre style="text-align:left; ">
    
et1_1: Traceback (most recent call last):
  File "D:\code_2018_1031\reposForTest\automate_test\consoleTest\testsuites\test_base_dive_time.py", line 17, in setUp
    consolelogin.open_divetime()
  File "D:\code_2018_1031\reposForTest\automate_test\consoleTest\pageobjects\console_homepage.py", line 77, in open_divetime
    self.clicks(self.base_set)
  File "D:\code_2018_1031\reposForTest\automate_test\consoleTest\framework\base_page.py", line 121, in clicks
    el = self.find_element(selector)
  File "D:\code_2018_1031\reposForTest\automate_test\consoleTest\framework\base_page.py", line 86, in find_element
    element = self.driver.find_element_by_xpath(selector_value)
  File "D:\Anaconda3\lib\site-packages\selenium\webdriver\remote\webdriver.py", line 394, in find_element_by_xpath
    return self.find_element(by=By.XPATH, value=xpath)
  File "D:\Anaconda3\lib\site-packages\selenium\webdriver\remote\webdriver.py", line 978, in find_element
    'value': value})['value']
  File "D:\Anaconda3\lib\site-packages\selenium\webdriver\remote\webdriver.py", line 321, in execute
    self.error_handler.check_response(response)
  File "D:\Anaconda3\lib\site-packages\selenium\webdriver\remote\errorhandler.py", line 242, in check_response
    raise exception_class(message, screen, stacktrace)
selenium.common.exceptions.NoSuchElementException: Message: no such element: Unable to locate element: {"method":"xpath","selector":"//span[text()='基本设置']"}
  (Session info: chrome=81.0.4044.129)



    </pre>
    </div>
    </td>
</tr>

<tr id='et1_2' class='none'>
    <td class='errorCase'><div class='testcase'>test_set_time_pass</div></td>
    <td colspan='5' align='center'>
    <!--默认收起output信息 -Findyou
    <button id='btn_et1_2' type="button"  class="btn-xs collapsed" data-toggle="collapse" data-target='#div_et1_2'>错误</button>
    <div id='div_et1_2' class="collapse">  -->
    <!-- 默认展开output信息 -Findyou -->
    <button id='btn_et1_2' type="button"  class="btn-xs" data-toggle="collapse" data-target='#div_et1_2'>错误</button>
    <div id='div_et1_2' class="collapse in">
    <pre style="text-align:left; ">
    
et1_2: Traceback (most recent call last):
  File "D:\code_2018_1031\reposForTest\automate_test\consoleTest\testsuites\test_base_dive_time.py", line 17, in setUp
    consolelogin.open_divetime()
  File "D:\code_2018_1031\reposForTest\automate_test\consoleTest\pageobjects\console_homepage.py", line 77, in open_divetime
    self.clicks(self.base_set)
  File "D:\code_2018_1031\reposForTest\automate_test\consoleTest\framework\base_page.py", line 121, in clicks
    el = self.find_element(selector)
  File "D:\code_2018_1031\reposForTest\automate_test\consoleTest\framework\base_page.py", line 86, in find_element
    element = self.driver.find_element_by_xpath(selector_value)
  File "D:\Anaconda3\lib\site-packages\selenium\webdriver\remote\webdriver.py", line 394, in find_element_by_xpath
    return self.find_element(by=By.XPATH, value=xpath)
  File "D:\Anaconda3\lib\site-packages\selenium\webdriver\remote\webdriver.py", line 978, in find_element
    'value': value})['value']
  File "D:\Anaconda3\lib\site-packages\selenium\webdriver\remote\webdriver.py", line 321, in execute
    self.error_handler.check_response(response)
  File "D:\Anaconda3\lib\site-packages\selenium\webdriver\remote\errorhandler.py", line 242, in check_response
    raise exception_class(message, screen, stacktrace)
selenium.common.exceptions.NoSuchElementException: Message: no such element: Unable to locate element: {"method":"xpath","selector":"//span[text()='基本设置']"}
  (Session info: chrome=81.0.4044.129)



    </pre>
    </div>
    </td>
</tr>

<tr class='warning'>
    <td>test_base_plmn.Dive_plmn</td>
    <td class="text-center">1</td>
    <td class="text-center">0</td>
    <td class="text-center">0</td>
    <td class="text-center">1</td>
    <td class="text-center"><a href="javascript:showClassDetail('c2',1)" class="detail" id='c2'>详细</a></td>
</tr>

<tr id='et2_1' class='none'>
    <td class='errorCase'><div class='testcase'>test_01_plmn_add_mnc_fail</div></td>
    <td colspan='5' align='center'>
    <!--默认收起output信息 -Findyou
    <button id='btn_et2_1' type="button"  class="btn-xs collapsed" data-toggle="collapse" data-target='#div_et2_1'>错误</button>
    <div id='div_et2_1' class="collapse">  -->
    <!-- 默认展开output信息 -Findyou -->
    <button id='btn_et2_1' type="button"  class="btn-xs" data-toggle="collapse" data-target='#div_et2_1'>错误</button>
    <div id='div_et2_1' class="collapse in">
    <pre style="text-align:left; ">
    
et2_1: Traceback (most recent call last):
  File "D:\code_2018_1031\reposForTest\automate_test\consoleTest\testsuites\test_base_plmn.py", line 17, in setUp
    consolelogin.open_plmn()
  File "D:\code_2018_1031\reposForTest\automate_test\consoleTest\pageobjects\console_homepage.py", line 84, in open_plmn
    self.clicks(self.base_set)
  File "D:\code_2018_1031\reposForTest\automate_test\consoleTest\framework\base_page.py", line 121, in clicks
    el = self.find_element(selector)
  File "D:\code_2018_1031\reposForTest\automate_test\consoleTest\framework\base_page.py", line 86, in find_element
    element = self.driver.find_element_by_xpath(selector_value)
  File "D:\Anaconda3\lib\site-packages\selenium\webdriver\remote\webdriver.py", line 394, in find_element_by_xpath
    return self.find_element(by=By.XPATH, value=xpath)
  File "D:\Anaconda3\lib\site-packages\selenium\webdriver\remote\webdriver.py", line 978, in find_element
    'value': value})['value']
  File "D:\Anaconda3\lib\site-packages\selenium\webdriver\remote\webdriver.py", line 321, in execute
    self.error_handler.check_response(response)
  File "D:\Anaconda3\lib\site-packages\selenium\webdriver\remote\errorhandler.py", line 242, in check_response
    raise exception_class(message, screen, stacktrace)
selenium.common.exceptions.NoSuchElementException: Message: no such element: Unable to locate element: {"method":"xpath","selector":"//span[text()='基本设置']"}
  (Session info: chrome=81.0.4044.129)



    </pre>
    </div>
    </td>
</tr>

<tr class='success'>
    <td>test_console_login.consoleLogin</td>
    <td class="text-center">2</td>
    <td class="text-center">2</td>
    <td class="text-center">0</td>
    <td class="text-center">0</td>
    <td class="text-center"><a href="javascript:showClassDetail('c3',2)" class="detail" id='c3'>详细</a></td>
</tr>

<tr id='pt3_1' class='hiddenRow'>
    <td class='passCase'><div class='testcase'>test_console_login_false</div></td>
    <td colspan='5' align='center'>
    <!--默认收起output信息 -Findyou
    <button id='btn_pt3_1' type="button"  class="btn-xs collapsed" data-toggle="collapse" data-target='#div_pt3_1'>通过</button>
    <div id='div_pt3_1' class="collapse">  -->
    <!-- 默认展开output信息 -Findyou -->
    <button id='btn_pt3_1' type="button"  class="btn-xs" data-toggle="collapse" data-target='#div_pt3_1'>通过</button>
    <div id='div_pt3_1' class="collapse in">
    <pre style="text-align:left; ">
    
pt3_1: 账号 :111, 密码：222
pass
账号 :admin, 密码：
pass
账号 :用户名admin, 密码：
pass
账号 :averylongadminname12345678901234567890, 密码：
pass
账号 :, 密码：123456
pass
账号 :, 密码：123456密码
pass
账号 :, 密码：123 456
pass
账号 :, 密码：12345
pass
账号 :, 密码：654321
pass
账号 :, 密码：654321
pass
账号 :Notadmin, 密码：中文654321
pass
账号 :Notadmin, 密码：654 321
pass
账号 :Notadmin, 密码：65431
pass
账号 :Notadmin, 密码：12345678901234567890
pass
账号 :admin, 密码：中文654321
pass
账号 :admin, 密码：654 321
pass
账号 :admin, 密码：65431
pass
账号 :admin, 密码：12345678901234567890
pass
账号 :中文admin, 密码：654321
pass
账号 :admin￥&amp;, 密码：654321
pass
账号 :admin12345678901234567890, 密码：654321
pass
账号 :中文admin, 密码：123456
pass
账号 :admin%$, 密码：123456
pass
账号 :中文%￥#admin123456789012345678901234567890, 密码：123456
pass
账号 :admin123456789012345678901234567890, 密码：中文%￥#123456
pass


    </pre>
    </div>
    </td>
</tr>

<tr id='pt3_2' class='hiddenRow'>
    <td class='passCase'><div class='testcase'>test_console_login_pass</div></td>
    <td colspan='5' align='center'>
    <!--默认收起output信息 -Findyou
    <button id='btn_pt3_2' type="button"  class="btn-xs collapsed" data-toggle="collapse" data-target='#div_pt3_2'>通过</button>
    <div id='div_pt3_2' class="collapse">  -->
    <!-- 默认展开output信息 -Findyou -->
    <button id='btn_pt3_2' type="button"  class="btn-xs" data-toggle="collapse" data-target='#div_pt3_2'>通过</button>
    <div id='div_pt3_2' class="collapse in">
    <pre style="text-align:left; ">
    
pt3_2: fail Message: no such element: Unable to locate element: {"method":"xpath","selector":"//div[text()='首页']"}
  (Session info: chrome=81.0.4044.129)



    </pre>
    </div>
    </td>
</tr>

<tr class='success'>
    <td>test_dive_locate.Dive_locate</td>
    <td class="text-center">2</td>
    <td class="text-center">2</td>
    <td class="text-center">0</td>
    <td class="text-center">0</td>
    <td class="text-center"><a href="javascript:showClassDetail('c4',2)" class="detail" id='c4'>详细</a></td>
</tr>

<tr id='pt4_1' class='hiddenRow'>
    <td class='passCase'><div class='testcase'>test_setLocateMessage_fail</div></td>
    <td colspan='5' align='center'>
    <!--默认收起output信息 -Findyou
    <button id='btn_pt4_1' type="button"  class="btn-xs collapsed" data-toggle="collapse" data-target='#div_pt4_1'>通过</button>
    <div id='div_pt4_1' class="collapse">  -->
    <!-- 默认展开output信息 -Findyou -->
    <button id='btn_pt4_1' type="button"  class="btn-xs" data-toggle="collapse" data-target='#div_pt4_1'>通过</button>
    <div id='div_pt4_1' class="collapse in">
    <pre style="text-align:left; ">
    
pt4_1: fail Message: no such element: Unable to locate element: {"method":"xpath","selector":"//span[text()='基本设置']"}
  (Session info: chrome=81.0.4044.129)

fail Message: no such element: Unable to locate element: {"method":"xpath","selector":"//input[@placeholder="经度"]"}
  (Session info: chrome=81.0.4044.129)

fail Message: no such element: Unable to locate element: {"method":"xpath","selector":"//input[@placeholder="经度"]"}
  (Session info: chrome=81.0.4044.129)

fail Message: no such element: Unable to locate element: {"method":"xpath","selector":"//input[@placeholder="经度"]"}
  (Session info: chrome=81.0.4044.129)

fail Message: no such element: Unable to locate element: {"method":"xpath","selector":"//input[@placeholder="经度"]"}
  (Session info: chrome=81.0.4044.129)

fail Message: no such element: Unable to locate element: {"method":"xpath","selector":"//input[@placeholder="经度"]"}
  (Session info: chrome=81.0.4044.129)

fail Message: no such element: Unable to locate element: {"method":"xpath","selector":"//input[@placeholder="经度"]"}
  (Session info: chrome=81.0.4044.129)

fail Message: no such element: Unable to locate element: {"method":"xpath","selector":"//input[@placeholder="经度"]"}
  (Session info: chrome=81.0.4044.129)

fail Message: no such element: Unable to locate element: {"method":"xpath","selector":"//input[@placeholder="经度"]"}
  (Session info: chrome=81.0.4044.129)

fail Message: no such element: Unable to locate element: {"method":"xpath","selector":"//input[@placeholder="经度"]"}
  (Session info: chrome=81.0.4044.129)



    </pre>
    </div>
    </td>
</tr>

<tr id='pt4_2' class='hiddenRow'>
    <td class='passCase'><div class='testcase'>test_setLocateMessage_pass</div></td>
    <td colspan='5' align='center'>
    <!--默认收起output信息 -Findyou
    <button id='btn_pt4_2' type="button"  class="btn-xs collapsed" data-toggle="collapse" data-target='#div_pt4_2'>通过</button>
    <div id='div_pt4_2' class="collapse">  -->
    <!-- 默认展开output信息 -Findyou -->
    <button id='btn_pt4_2' type="button"  class="btn-xs" data-toggle="collapse" data-target='#div_pt4_2'>通过</button>
    <div id='div_pt4_2' class="collapse in">
    <pre style="text-align:left; ">
    
pt4_2: fail Message: no such element: Unable to locate element: {"method":"xpath","selector":"//span[text()='基本设置']"}
  (Session info: chrome=81.0.4044.129)

fail Message: no such element: Unable to locate element: {"method":"xpath","selector":"//input[@placeholder="经度"]"}
  (Session info: chrome=81.0.4044.129)

fail Message: no such element: Unable to locate element: {"method":"xpath","selector":"//input[@placeholder="经度"]"}
  (Session info: chrome=81.0.4044.129)



    </pre>
    </div>
    </td>
</tr>

<tr class='warning'>
    <td>test_face_camera_manage.face</td>
    <td class="text-center">1</td>
    <td class="text-center">0</td>
    <td class="text-center">0</td>
    <td class="text-center">1</td>
    <td class="text-center"><a href="javascript:showClassDetail('c5',1)" class="detail" id='c5'>详细</a></td>
</tr>

<tr id='et5_1' class='none'>
    <td class='errorCase'><div class='testcase'>test_01_add_camera2</div></td>
    <td colspan='5' align='center'>
    <!--默认收起output信息 -Findyou
    <button id='btn_et5_1' type="button"  class="btn-xs collapsed" data-toggle="collapse" data-target='#div_et5_1'>错误</button>
    <div id='div_et5_1' class="collapse">  -->
    <!-- 默认展开output信息 -Findyou -->
    <button id='btn_et5_1' type="button"  class="btn-xs" data-toggle="collapse" data-target='#div_et5_1'>错误</button>
    <div id='div_et5_1' class="collapse in">
    <pre style="text-align:left; ">
    
et5_1: Traceback (most recent call last):
  File "D:\code_2018_1031\reposForTest\automate_test\consoleTest\testsuites\test_face_camera_manage.py", line 18, in setUp
    consolelogin.open_face_camera()
  File "D:\code_2018_1031\reposForTest\automate_test\consoleTest\pageobjects\console_homepage.py", line 208, in open_face_camera
    self.clicks(self.face)
  File "D:\code_2018_1031\reposForTest\automate_test\consoleTest\framework\base_page.py", line 121, in clicks
    el = self.find_element(selector)
  File "D:\code_2018_1031\reposForTest\automate_test\consoleTest\framework\base_page.py", line 86, in find_element
    element = self.driver.find_element_by_xpath(selector_value)
  File "D:\Anaconda3\lib\site-packages\selenium\webdriver\remote\webdriver.py", line 394, in find_element_by_xpath
    return self.find_element(by=By.XPATH, value=xpath)
  File "D:\Anaconda3\lib\site-packages\selenium\webdriver\remote\webdriver.py", line 978, in find_element
    'value': value})['value']
  File "D:\Anaconda3\lib\site-packages\selenium\webdriver\remote\webdriver.py", line 321, in execute
    self.error_handler.check_response(response)
  File "D:\Anaconda3\lib\site-packages\selenium\webdriver\remote\errorhandler.py", line 242, in check_response
    raise exception_class(message, screen, stacktrace)
selenium.common.exceptions.NoSuchElementException: Message: no such element: Unable to locate element: {"method":"xpath","selector":"//span[text()='人脸识别']"}
  (Session info: chrome=81.0.4044.129)



    </pre>
    </div>
    </td>
</tr>

<tr class='warning'>
    <td>test_face_server_manage.face</td>
    <td class="text-center">1</td>
    <td class="text-center">0</td>
    <td class="text-center">0</td>
    <td class="text-center">1</td>
    <td class="text-center"><a href="javascript:showClassDetail('c6',1)" class="detail" id='c6'>详细</a></td>
</tr>

<tr id='et6_1' class='none'>
    <td class='errorCase'><div class='testcase'>test_set_pat</div></td>
    <td colspan='5' align='center'>
    <!--默认收起output信息 -Findyou
    <button id='btn_et6_1' type="button"  class="btn-xs collapsed" data-toggle="collapse" data-target='#div_et6_1'>错误</button>
    <div id='div_et6_1' class="collapse">  -->
    <!-- 默认展开output信息 -Findyou -->
    <button id='btn_et6_1' type="button"  class="btn-xs" data-toggle="collapse" data-target='#div_et6_1'>错误</button>
    <div id='div_et6_1' class="collapse in">
    <pre style="text-align:left; ">
    
et6_1: Traceback (most recent call last):
  File "D:\code_2018_1031\reposForTest\automate_test\consoleTest\testsuites\test_face_server_manage.py", line 42, in setUp
    consolelogin.open_face_server()
  File "D:\code_2018_1031\reposForTest\automate_test\consoleTest\pageobjects\console_homepage.py", line 215, in open_face_server
    self.clicks(self.face)
  File "D:\code_2018_1031\reposForTest\automate_test\consoleTest\framework\base_page.py", line 121, in clicks
    el = self.find_element(selector)
  File "D:\code_2018_1031\reposForTest\automate_test\consoleTest\framework\base_page.py", line 86, in find_element
    element = self.driver.find_element_by_xpath(selector_value)
  File "D:\Anaconda3\lib\site-packages\selenium\webdriver\remote\webdriver.py", line 394, in find_element_by_xpath
    return self.find_element(by=By.XPATH, value=xpath)
  File "D:\Anaconda3\lib\site-packages\selenium\webdriver\remote\webdriver.py", line 978, in find_element
    'value': value})['value']
  File "D:\Anaconda3\lib\site-packages\selenium\webdriver\remote\webdriver.py", line 321, in execute
    self.error_handler.check_response(response)
  File "D:\Anaconda3\lib\site-packages\selenium\webdriver\remote\errorhandler.py", line 242, in check_response
    raise exception_class(message, screen, stacktrace)
selenium.common.exceptions.NoSuchElementException: Message: no such element: Unable to locate element: {"method":"xpath","selector":"//span[text()='人脸识别']"}
  (Session info: chrome=81.0.4044.129)



    </pre>
    </div>
    </td>
</tr>

<tr class='warning'>
    <td>test_jz_alarm_set.alarm_set</td>
    <td class="text-center">3</td>
    <td class="text-center">0</td>
    <td class="text-center">0</td>
    <td class="text-center">3</td>
    <td class="text-center"><a href="javascript:showClassDetail('c7',3)" class="detail" id='c7'>详细</a></td>
</tr>

<tr id='et7_1' class='none'>
    <td class='errorCase'><div class='testcase'>test_setalarm_off</div></td>
    <td colspan='5' align='center'>
    <!--默认收起output信息 -Findyou
    <button id='btn_et7_1' type="button"  class="btn-xs collapsed" data-toggle="collapse" data-target='#div_et7_1'>错误</button>
    <div id='div_et7_1' class="collapse">  -->
    <!-- 默认展开output信息 -Findyou -->
    <button id='btn_et7_1' type="button"  class="btn-xs" data-toggle="collapse" data-target='#div_et7_1'>错误</button>
    <div id='div_et7_1' class="collapse in">
    <pre style="text-align:left; ">
    
et7_1: fail Message: no such element: Unable to locate element: {"method":"xpath","selector":"//span[text()='基站管理']"}
  (Session info: chrome=81.0.4044.129)

fail Message: no such element: Unable to locate element: {"method":"xpath","selector":"//span[@class="el-checkbox__input is-checked"]"}
  (Session info: chrome=81.0.4044.129)

Traceback (most recent call last):
  File "D:\code_2018_1031\reposForTest\automate_test\consoleTest\testsuites\test_jz_alarm_set.py", line 71, in test_setalarm_off
    setalarm.savepar()
  File "D:\code_2018_1031\reposForTest\automate_test\consoleTest\pageobjects\jz_alarm_set_page.py", line 19, in savepar
    self.clicks(self.save_alarmpar)
  File "D:\code_2018_1031\reposForTest\automate_test\consoleTest\framework\base_page.py", line 121, in clicks
    el = self.find_element(selector)
  File "D:\code_2018_1031\reposForTest\automate_test\consoleTest\framework\base_page.py", line 86, in find_element
    element = self.driver.find_element_by_xpath(selector_value)
  File "D:\Anaconda3\lib\site-packages\selenium\webdriver\remote\webdriver.py", line 394, in find_element_by_xpath
    return self.find_element(by=By.XPATH, value=xpath)
  File "D:\Anaconda3\lib\site-packages\selenium\webdriver\remote\webdriver.py", line 978, in find_element
    'value': value})['value']
  File "D:\Anaconda3\lib\site-packages\selenium\webdriver\remote\webdriver.py", line 321, in execute
    self.error_handler.check_response(response)
  File "D:\Anaconda3\lib\site-packages\selenium\webdriver\remote\errorhandler.py", line 242, in check_response
    raise exception_class(message, screen, stacktrace)
selenium.common.exceptions.NoSuchElementException: Message: no such element: Unable to locate element: {"method":"xpath","selector":"//button[@class="el-button resetBtn el-button--text"]"}
  (Session info: chrome=81.0.4044.129)



    </pre>
    </div>
    </td>
</tr>

<tr id='et7_2' class='none'>
    <td class='errorCase'><div class='testcase'>test_setalarm_on_fail</div></td>
    <td colspan='5' align='center'>
    <!--默认收起output信息 -Findyou
    <button id='btn_et7_2' type="button"  class="btn-xs collapsed" data-toggle="collapse" data-target='#div_et7_2'>错误</button>
    <div id='div_et7_2' class="collapse">  -->
    <!-- 默认展开output信息 -Findyou -->
    <button id='btn_et7_2' type="button"  class="btn-xs" data-toggle="collapse" data-target='#div_et7_2'>错误</button>
    <div id='div_et7_2' class="collapse in">
    <pre style="text-align:left; ">
    
et7_2: fail Message: no such element: Unable to locate element: {"method":"xpath","selector":"//span[text()='基站管理']"}
  (Session info: chrome=81.0.4044.129)

fail Message: no such element: Unable to locate element: {"method":"xpath","selector":"//span[@class="el-checkbox__input is-checked"]"}
  (Session info: chrome=81.0.4044.129)

Traceback (most recent call last):
  File "D:\code_2018_1031\reposForTest\automate_test\consoleTest\testsuites\test_jz_alarm_set.py", line 49, in test_setalarm_on_fail
    setalarm.chioce_ifon()
  File "D:\code_2018_1031\reposForTest\automate_test\consoleTest\pageobjects\jz_alarm_set_page.py", line 16, in chioce_ifon
    self.clicks(self.ifon)
  File "D:\code_2018_1031\reposForTest\automate_test\consoleTest\framework\base_page.py", line 121, in clicks
    el = self.find_element(selector)
  File "D:\code_2018_1031\reposForTest\automate_test\consoleTest\framework\base_page.py", line 86, in find_element
    element = self.driver.find_element_by_xpath(selector_value)
  File "D:\Anaconda3\lib\site-packages\selenium\webdriver\remote\webdriver.py", line 394, in find_element_by_xpath
    return self.find_element(by=By.XPATH, value=xpath)
  File "D:\Anaconda3\lib\site-packages\selenium\webdriver\remote\webdriver.py", line 978, in find_element
    'value': value})['value']
  File "D:\Anaconda3\lib\site-packages\selenium\webdriver\remote\webdriver.py", line 321, in execute
    self.error_handler.check_response(response)
  File "D:\Anaconda3\lib\site-packages\selenium\webdriver\remote\errorhandler.py", line 242, in check_response
    raise exception_class(message, screen, stacktrace)
selenium.common.exceptions.NoSuchElementException: Message: no such element: Unable to locate element: {"method":"xpath","selector":"//span[@class="el-checkbox__inner"]"}
  (Session info: chrome=81.0.4044.129)



    </pre>
    </div>
    </td>
</tr>

<tr id='et7_3' class='none'>
    <td class='errorCase'><div class='testcase'>test_setalarm_on_pass</div></td>
    <td colspan='5' align='center'>
    <!--默认收起output信息 -Findyou
    <button id='btn_et7_3' type="button"  class="btn-xs collapsed" data-toggle="collapse" data-target='#div_et7_3'>错误</button>
    <div id='div_et7_3' class="collapse">  -->
    <!-- 默认展开output信息 -Findyou -->
    <button id='btn_et7_3' type="button"  class="btn-xs" data-toggle="collapse" data-target='#div_et7_3'>错误</button>
    <div id='div_et7_3' class="collapse in">
    <pre style="text-align:left; ">
    
et7_3: fail Message: no such element: Unable to locate element: {"method":"xpath","selector":"//span[text()='基站管理']"}
  (Session info: chrome=81.0.4044.129)

fail Message: no such element: Unable to locate element: {"method":"xpath","selector":"//span[@class="el-checkbox__input is-checked"]"}
  (Session info: chrome=81.0.4044.129)

Traceback (most recent call last):
  File "D:\code_2018_1031\reposForTest\automate_test\consoleTest\testsuites\test_jz_alarm_set.py", line 29, in test_setalarm_on_pass
    setalarm.chioce_ifon()
  File "D:\code_2018_1031\reposForTest\automate_test\consoleTest\pageobjects\jz_alarm_set_page.py", line 16, in chioce_ifon
    self.clicks(self.ifon)
  File "D:\code_2018_1031\reposForTest\automate_test\consoleTest\framework\base_page.py", line 121, in clicks
    el = self.find_element(selector)
  File "D:\code_2018_1031\reposForTest\automate_test\consoleTest\framework\base_page.py", line 86, in find_element
    element = self.driver.find_element_by_xpath(selector_value)
  File "D:\Anaconda3\lib\site-packages\selenium\webdriver\remote\webdriver.py", line 394, in find_element_by_xpath
    return self.find_element(by=By.XPATH, value=xpath)
  File "D:\Anaconda3\lib\site-packages\selenium\webdriver\remote\webdriver.py", line 978, in find_element
    'value': value})['value']
  File "D:\Anaconda3\lib\site-packages\selenium\webdriver\remote\webdriver.py", line 321, in execute
    self.error_handler.check_response(response)
  File "D:\Anaconda3\lib\site-packages\selenium\webdriver\remote\errorhandler.py", line 242, in check_response
    raise exception_class(message, screen, stacktrace)
selenium.common.exceptions.NoSuchElementException: Message: no such element: Unable to locate element: {"method":"xpath","selector":"//span[@class="el-checkbox__inner"]"}
  (Session info: chrome=81.0.4044.129)



    </pre>
    </div>
    </td>
</tr>

<tr class='warning'>
    <td>test_jz_band_manage.BCBband_mange</td>
    <td class="text-center">5</td>
    <td class="text-center">0</td>
    <td class="text-center">0</td>
    <td class="text-center">5</td>
    <td class="text-center"><a href="javascript:showClassDetail('c8',5)" class="detail" id='c8'>详细</a></td>
</tr>

<tr id='et8_1' class='none'>
    <td class='errorCase'><div class='testcase'>test_03_sacn_band</div></td>
    <td colspan='5' align='center'>
    <!--默认收起output信息 -Findyou
    <button id='btn_et8_1' type="button"  class="btn-xs collapsed" data-toggle="collapse" data-target='#div_et8_1'>错误</button>
    <div id='div_et8_1' class="collapse">  -->
    <!-- 默认展开output信息 -Findyou -->
    <button id='btn_et8_1' type="button"  class="btn-xs" data-toggle="collapse" data-target='#div_et8_1'>错误</button>
    <div id='div_et8_1' class="collapse in">
    <pre style="text-align:left; ">
    
et8_1: Traceback (most recent call last):
  File "D:\code_2018_1031\reposForTest\automate_test\consoleTest\testsuites\test_jz_band_manage.py", line 16, in setUp
    consolelogin.open_band_manage()
  File "D:\code_2018_1031\reposForTest\automate_test\consoleTest\pageobjects\console_homepage.py", line 105, in open_band_manage
    self.clicks(self.jz_manage)
  File "D:\code_2018_1031\reposForTest\automate_test\consoleTest\framework\base_page.py", line 121, in clicks
    el = self.find_element(selector)
  File "D:\code_2018_1031\reposForTest\automate_test\consoleTest\framework\base_page.py", line 86, in find_element
    element = self.driver.find_element_by_xpath(selector_value)
  File "D:\Anaconda3\lib\site-packages\selenium\webdriver\remote\webdriver.py", line 394, in find_element_by_xpath
    return self.find_element(by=By.XPATH, value=xpath)
  File "D:\Anaconda3\lib\site-packages\selenium\webdriver\remote\webdriver.py", line 978, in find_element
    'value': value})['value']
  File "D:\Anaconda3\lib\site-packages\selenium\webdriver\remote\webdriver.py", line 321, in execute
    self.error_handler.check_response(response)
  File "D:\Anaconda3\lib\site-packages\selenium\webdriver\remote\errorhandler.py", line 242, in check_response
    raise exception_class(message, screen, stacktrace)
selenium.common.exceptions.NoSuchElementException: Message: no such element: Unable to locate element: {"method":"xpath","selector":"//span[text()='基站管理']"}
  (Session info: chrome=81.0.4044.129)



    </pre>
    </div>
    </td>
</tr>

<tr id='et8_2' class='none'>
    <td class='errorCase'><div class='testcase'>test_04_export_bandlog</div></td>
    <td colspan='5' align='center'>
    <!--默认收起output信息 -Findyou
    <button id='btn_et8_2' type="button"  class="btn-xs collapsed" data-toggle="collapse" data-target='#div_et8_2'>错误</button>
    <div id='div_et8_2' class="collapse">  -->
    <!-- 默认展开output信息 -Findyou -->
    <button id='btn_et8_2' type="button"  class="btn-xs" data-toggle="collapse" data-target='#div_et8_2'>错误</button>
    <div id='div_et8_2' class="collapse in">
    <pre style="text-align:left; ">
    
et8_2: Traceback (most recent call last):
  File "D:\code_2018_1031\reposForTest\automate_test\consoleTest\testsuites\test_jz_band_manage.py", line 16, in setUp
    consolelogin.open_band_manage()
  File "D:\code_2018_1031\reposForTest\automate_test\consoleTest\pageobjects\console_homepage.py", line 105, in open_band_manage
    self.clicks(self.jz_manage)
  File "D:\code_2018_1031\reposForTest\automate_test\consoleTest\framework\base_page.py", line 121, in clicks
    el = self.find_element(selector)
  File "D:\code_2018_1031\reposForTest\automate_test\consoleTest\framework\base_page.py", line 86, in find_element
    element = self.driver.find_element_by_xpath(selector_value)
  File "D:\Anaconda3\lib\site-packages\selenium\webdriver\remote\webdriver.py", line 394, in find_element_by_xpath
    return self.find_element(by=By.XPATH, value=xpath)
  File "D:\Anaconda3\lib\site-packages\selenium\webdriver\remote\webdriver.py", line 978, in find_element
    'value': value})['value']
  File "D:\Anaconda3\lib\site-packages\selenium\webdriver\remote\webdriver.py", line 321, in execute
    self.error_handler.check_response(response)
  File "D:\Anaconda3\lib\site-packages\selenium\webdriver\remote\errorhandler.py", line 242, in check_response
    raise exception_class(message, screen, stacktrace)
selenium.common.exceptions.NoSuchElementException: Message: no such element: Unable to locate element: {"method":"xpath","selector":"//span[text()='基站管理']"}
  (Session info: chrome=81.0.4044.129)



    </pre>
    </div>
    </td>
</tr>

<tr id='et8_3' class='none'>
    <td class='errorCase'><div class='testcase'>test_05_reboot_band</div></td>
    <td colspan='5' align='center'>
    <!--默认收起output信息 -Findyou
    <button id='btn_et8_3' type="button"  class="btn-xs collapsed" data-toggle="collapse" data-target='#div_et8_3'>错误</button>
    <div id='div_et8_3' class="collapse">  -->
    <!-- 默认展开output信息 -Findyou -->
    <button id='btn_et8_3' type="button"  class="btn-xs" data-toggle="collapse" data-target='#div_et8_3'>错误</button>
    <div id='div_et8_3' class="collapse in">
    <pre style="text-align:left; ">
    
et8_3: Traceback (most recent call last):
  File "D:\code_2018_1031\reposForTest\automate_test\consoleTest\testsuites\test_jz_band_manage.py", line 16, in setUp
    consolelogin.open_band_manage()
  File "D:\code_2018_1031\reposForTest\automate_test\consoleTest\pageobjects\console_homepage.py", line 105, in open_band_manage
    self.clicks(self.jz_manage)
  File "D:\code_2018_1031\reposForTest\automate_test\consoleTest\framework\base_page.py", line 121, in clicks
    el = self.find_element(selector)
  File "D:\code_2018_1031\reposForTest\automate_test\consoleTest\framework\base_page.py", line 86, in find_element
    element = self.driver.find_element_by_xpath(selector_value)
  File "D:\Anaconda3\lib\site-packages\selenium\webdriver\remote\webdriver.py", line 394, in find_element_by_xpath
    return self.find_element(by=By.XPATH, value=xpath)
  File "D:\Anaconda3\lib\site-packages\selenium\webdriver\remote\webdriver.py", line 978, in find_element
    'value': value})['value']
  File "D:\Anaconda3\lib\site-packages\selenium\webdriver\remote\webdriver.py", line 321, in execute
    self.error_handler.check_response(response)
  File "D:\Anaconda3\lib\site-packages\selenium\webdriver\remote\errorhandler.py", line 242, in check_response
    raise exception_class(message, screen, stacktrace)
selenium.common.exceptions.NoSuchElementException: Message: no such element: Unable to locate element: {"method":"xpath","selector":"//span[text()='基站管理']"}
  (Session info: chrome=81.0.4044.129)



    </pre>
    </div>
    </td>
</tr>

<tr id='et8_4' class='none'>
    <td class='errorCase'><div class='testcase'>test_06_reboot_shutdown_band</div></td>
    <td colspan='5' align='center'>
    <!--默认收起output信息 -Findyou
    <button id='btn_et8_4' type="button"  class="btn-xs collapsed" data-toggle="collapse" data-target='#div_et8_4'>错误</button>
    <div id='div_et8_4' class="collapse">  -->
    <!-- 默认展开output信息 -Findyou -->
    <button id='btn_et8_4' type="button"  class="btn-xs" data-toggle="collapse" data-target='#div_et8_4'>错误</button>
    <div id='div_et8_4' class="collapse in">
    <pre style="text-align:left; ">
    
et8_4: Traceback (most recent call last):
  File "D:\code_2018_1031\reposForTest\automate_test\consoleTest\testsuites\test_jz_band_manage.py", line 16, in setUp
    consolelogin.open_band_manage()
  File "D:\code_2018_1031\reposForTest\automate_test\consoleTest\pageobjects\console_homepage.py", line 105, in open_band_manage
    self.clicks(self.jz_manage)
  File "D:\code_2018_1031\reposForTest\automate_test\consoleTest\framework\base_page.py", line 121, in clicks
    el = self.find_element(selector)
  File "D:\code_2018_1031\reposForTest\automate_test\consoleTest\framework\base_page.py", line 86, in find_element
    element = self.driver.find_element_by_xpath(selector_value)
  File "D:\Anaconda3\lib\site-packages\selenium\webdriver\remote\webdriver.py", line 394, in find_element_by_xpath
    return self.find_element(by=By.XPATH, value=xpath)
  File "D:\Anaconda3\lib\site-packages\selenium\webdriver\remote\webdriver.py", line 978, in find_element
    'value': value})['value']
  File "D:\Anaconda3\lib\site-packages\selenium\webdriver\remote\webdriver.py", line 321, in execute
    self.error_handler.check_response(response)
  File "D:\Anaconda3\lib\site-packages\selenium\webdriver\remote\errorhandler.py", line 242, in check_response
    raise exception_class(message, screen, stacktrace)
selenium.common.exceptions.NoSuchElementException: Message: no such element: Unable to locate element: {"method":"xpath","selector":"//span[text()='基站管理']"}
  (Session info: chrome=81.0.4044.129)



    </pre>
    </div>
    </td>
</tr>

<tr id='et8_5' class='none'>
    <td class='errorCase'><div class='testcase'>test_set_FDDpar_fail</div></td>
    <td colspan='5' align='center'>
    <!--默认收起output信息 -Findyou
    <button id='btn_et8_5' type="button"  class="btn-xs collapsed" data-toggle="collapse" data-target='#div_et8_5'>错误</button>
    <div id='div_et8_5' class="collapse">  -->
    <!-- 默认展开output信息 -Findyou -->
    <button id='btn_et8_5' type="button"  class="btn-xs" data-toggle="collapse" data-target='#div_et8_5'>错误</button>
    <div id='div_et8_5' class="collapse in">
    <pre style="text-align:left; ">
    
et8_5: Traceback (most recent call last):
  File "D:\code_2018_1031\reposForTest\automate_test\consoleTest\testsuites\test_jz_band_manage.py", line 16, in setUp
    consolelogin.open_band_manage()
  File "D:\code_2018_1031\reposForTest\automate_test\consoleTest\pageobjects\console_homepage.py", line 105, in open_band_manage
    self.clicks(self.jz_manage)
  File "D:\code_2018_1031\reposForTest\automate_test\consoleTest\framework\base_page.py", line 121, in clicks
    el = self.find_element(selector)
  File "D:\code_2018_1031\reposForTest\automate_test\consoleTest\framework\base_page.py", line 86, in find_element
    element = self.driver.find_element_by_xpath(selector_value)
  File "D:\Anaconda3\lib\site-packages\selenium\webdriver\remote\webdriver.py", line 394, in find_element_by_xpath
    return self.find_element(by=By.XPATH, value=xpath)
  File "D:\Anaconda3\lib\site-packages\selenium\webdriver\remote\webdriver.py", line 978, in find_element
    'value': value})['value']
  File "D:\Anaconda3\lib\site-packages\selenium\webdriver\remote\webdriver.py", line 321, in execute
    self.error_handler.check_response(response)
  File "D:\Anaconda3\lib\site-packages\selenium\webdriver\remote\errorhandler.py", line 242, in check_response
    raise exception_class(message, screen, stacktrace)
selenium.common.exceptions.NoSuchElementException: Message: no such element: Unable to locate element: {"method":"xpath","selector":"//span[text()='基站管理']"}
  (Session info: chrome=81.0.4044.129)



    </pre>
    </div>
    </td>
</tr>

<tr class='warning'>
    <td>test_jz_pa_manage.pa_mange</td>
    <td class="text-center">3</td>
    <td class="text-center">0</td>
    <td class="text-center">0</td>
    <td class="text-center">3</td>
    <td class="text-center"><a href="javascript:showClassDetail('c9',3)" class="detail" id='c9'>详细</a></td>
</tr>

<tr id='et9_1' class='none'>
    <td class='errorCase'><div class='testcase'>test_01_refresh_palist</div></td>
    <td colspan='5' align='center'>
    <!--默认收起output信息 -Findyou
    <button id='btn_et9_1' type="button"  class="btn-xs collapsed" data-toggle="collapse" data-target='#div_et9_1'>错误</button>
    <div id='div_et9_1' class="collapse">  -->
    <!-- 默认展开output信息 -Findyou -->
    <button id='btn_et9_1' type="button"  class="btn-xs" data-toggle="collapse" data-target='#div_et9_1'>错误</button>
    <div id='div_et9_1' class="collapse in">
    <pre style="text-align:left; ">
    
et9_1: Traceback (most recent call last):
  File "D:\code_2018_1031\reposForTest\automate_test\consoleTest\testsuites\test_jz_pa_manage.py", line 16, in setUp
    consolelogin.open_pa_manage()
  File "D:\code_2018_1031\reposForTest\automate_test\consoleTest\pageobjects\console_homepage.py", line 112, in open_pa_manage
    self.clicks(self.jz_manage)
  File "D:\code_2018_1031\reposForTest\automate_test\consoleTest\framework\base_page.py", line 121, in clicks
    el = self.find_element(selector)
  File "D:\code_2018_1031\reposForTest\automate_test\consoleTest\framework\base_page.py", line 86, in find_element
    element = self.driver.find_element_by_xpath(selector_value)
  File "D:\Anaconda3\lib\site-packages\selenium\webdriver\remote\webdriver.py", line 394, in find_element_by_xpath
    return self.find_element(by=By.XPATH, value=xpath)
  File "D:\Anaconda3\lib\site-packages\selenium\webdriver\remote\webdriver.py", line 978, in find_element
    'value': value})['value']
  File "D:\Anaconda3\lib\site-packages\selenium\webdriver\remote\webdriver.py", line 321, in execute
    self.error_handler.check_response(response)
  File "D:\Anaconda3\lib\site-packages\selenium\webdriver\remote\errorhandler.py", line 242, in check_response
    raise exception_class(message, screen, stacktrace)
selenium.common.exceptions.NoSuchElementException: Message: no such element: Unable to locate element: {"method":"xpath","selector":"//span[text()='基站管理']"}
  (Session info: chrome=81.0.4044.129)



    </pre>
    </div>
    </td>
</tr>

<tr id='et9_2' class='none'>
    <td class='errorCase'><div class='testcase'>test_02_pa_on_all</div></td>
    <td colspan='5' align='center'>
    <!--默认收起output信息 -Findyou
    <button id='btn_et9_2' type="button"  class="btn-xs collapsed" data-toggle="collapse" data-target='#div_et9_2'>错误</button>
    <div id='div_et9_2' class="collapse">  -->
    <!-- 默认展开output信息 -Findyou -->
    <button id='btn_et9_2' type="button"  class="btn-xs" data-toggle="collapse" data-target='#div_et9_2'>错误</button>
    <div id='div_et9_2' class="collapse in">
    <pre style="text-align:left; ">
    
et9_2: Traceback (most recent call last):
  File "D:\code_2018_1031\reposForTest\automate_test\consoleTest\testsuites\test_jz_pa_manage.py", line 16, in setUp
    consolelogin.open_pa_manage()
  File "D:\code_2018_1031\reposForTest\automate_test\consoleTest\pageobjects\console_homepage.py", line 112, in open_pa_manage
    self.clicks(self.jz_manage)
  File "D:\code_2018_1031\reposForTest\automate_test\consoleTest\framework\base_page.py", line 121, in clicks
    el = self.find_element(selector)
  File "D:\code_2018_1031\reposForTest\automate_test\consoleTest\framework\base_page.py", line 86, in find_element
    element = self.driver.find_element_by_xpath(selector_value)
  File "D:\Anaconda3\lib\site-packages\selenium\webdriver\remote\webdriver.py", line 394, in find_element_by_xpath
    return self.find_element(by=By.XPATH, value=xpath)
  File "D:\Anaconda3\lib\site-packages\selenium\webdriver\remote\webdriver.py", line 978, in find_element
    'value': value})['value']
  File "D:\Anaconda3\lib\site-packages\selenium\webdriver\remote\webdriver.py", line 321, in execute
    self.error_handler.check_response(response)
  File "D:\Anaconda3\lib\site-packages\selenium\webdriver\remote\errorhandler.py", line 242, in check_response
    raise exception_class(message, screen, stacktrace)
selenium.common.exceptions.NoSuchElementException: Message: no such element: Unable to locate element: {"method":"xpath","selector":"//span[text()='基站管理']"}
  (Session info: chrome=81.0.4044.129)



    </pre>
    </div>
    </td>
</tr>

<tr id='et9_3' class='none'>
    <td class='errorCase'><div class='testcase'>test_03_pa_off_all</div></td>
    <td colspan='5' align='center'>
    <!--默认收起output信息 -Findyou
    <button id='btn_et9_3' type="button"  class="btn-xs collapsed" data-toggle="collapse" data-target='#div_et9_3'>错误</button>
    <div id='div_et9_3' class="collapse">  -->
    <!-- 默认展开output信息 -Findyou -->
    <button id='btn_et9_3' type="button"  class="btn-xs" data-toggle="collapse" data-target='#div_et9_3'>错误</button>
    <div id='div_et9_3' class="collapse in">
    <pre style="text-align:left; ">
    
et9_3: Traceback (most recent call last):
  File "D:\code_2018_1031\reposForTest\automate_test\consoleTest\testsuites\test_jz_pa_manage.py", line 16, in setUp
    consolelogin.open_pa_manage()
  File "D:\code_2018_1031\reposForTest\automate_test\consoleTest\pageobjects\console_homepage.py", line 112, in open_pa_manage
    self.clicks(self.jz_manage)
  File "D:\code_2018_1031\reposForTest\automate_test\consoleTest\framework\base_page.py", line 121, in clicks
    el = self.find_element(selector)
  File "D:\code_2018_1031\reposForTest\automate_test\consoleTest\framework\base_page.py", line 86, in find_element
    element = self.driver.find_element_by_xpath(selector_value)
  File "D:\Anaconda3\lib\site-packages\selenium\webdriver\remote\webdriver.py", line 394, in find_element_by_xpath
    return self.find_element(by=By.XPATH, value=xpath)
  File "D:\Anaconda3\lib\site-packages\selenium\webdriver\remote\webdriver.py", line 978, in find_element
    'value': value})['value']
  File "D:\Anaconda3\lib\site-packages\selenium\webdriver\remote\webdriver.py", line 321, in execute
    self.error_handler.check_response(response)
  File "D:\Anaconda3\lib\site-packages\selenium\webdriver\remote\errorhandler.py", line 242, in check_response
    raise exception_class(message, screen, stacktrace)
selenium.common.exceptions.NoSuchElementException: Message: no such element: Unable to locate element: {"method":"xpath","selector":"//span[text()='基站管理']"}
  (Session info: chrome=81.0.4044.129)



    </pre>
    </div>
    </td>
</tr>

<tr class='warning'>
    <td>test_plate_camera_manage.plate_camera</td>
    <td class="text-center">2</td>
    <td class="text-center">0</td>
    <td class="text-center">0</td>
    <td class="text-center">2</td>
    <td class="text-center"><a href="javascript:showClassDetail('c10',2)" class="detail" id='c10'>详细</a></td>
</tr>

<tr id='et10_1' class='none'>
    <td class='errorCase'><div class='testcase'>test_add_camera_fail</div></td>
    <td colspan='5' align='center'>
    <!--默认收起output信息 -Findyou
    <button id='btn_et10_1' type="button"  class="btn-xs collapsed" data-toggle="collapse" data-target='#div_et10_1'>错误</button>
    <div id='div_et10_1' class="collapse">  -->
    <!-- 默认展开output信息 -Findyou -->
    <button id='btn_et10_1' type="button"  class="btn-xs" data-toggle="collapse" data-target='#div_et10_1'>错误</button>
    <div id='div_et10_1' class="collapse in">
    <pre style="text-align:left; ">
    
et10_1: Traceback (most recent call last):
  File "D:\code_2018_1031\reposForTest\automate_test\consoleTest\testsuites\test_plate_camera_manage.py", line 18, in setUp
    consolelogin.open_palte_camera()
  File "D:\code_2018_1031\reposForTest\automate_test\consoleTest\pageobjects\console_homepage.py", line 229, in open_palte_camera
    self.clicks(self.plate)
  File "D:\code_2018_1031\reposForTest\automate_test\consoleTest\framework\base_page.py", line 121, in clicks
    el = self.find_element(selector)
  File "D:\code_2018_1031\reposForTest\automate_test\consoleTest\framework\base_page.py", line 86, in find_element
    element = self.driver.find_element_by_xpath(selector_value)
  File "D:\Anaconda3\lib\site-packages\selenium\webdriver\remote\webdriver.py", line 394, in find_element_by_xpath
    return self.find_element(by=By.XPATH, value=xpath)
  File "D:\Anaconda3\lib\site-packages\selenium\webdriver\remote\webdriver.py", line 978, in find_element
    'value': value})['value']
  File "D:\Anaconda3\lib\site-packages\selenium\webdriver\remote\webdriver.py", line 321, in execute
    self.error_handler.check_response(response)
  File "D:\Anaconda3\lib\site-packages\selenium\webdriver\remote\errorhandler.py", line 242, in check_response
    raise exception_class(message, screen, stacktrace)
selenium.common.exceptions.NoSuchElementException: Message: no such element: Unable to locate element: {"method":"xpath","selector":"//span[text()='车牌识别']"}
  (Session info: chrome=81.0.4044.129)



    </pre>
    </div>
    </td>
</tr>

<tr id='et10_2' class='none'>
    <td class='errorCase'><div class='testcase'>test_add_camera_pass</div></td>
    <td colspan='5' align='center'>
    <!--默认收起output信息 -Findyou
    <button id='btn_et10_2' type="button"  class="btn-xs collapsed" data-toggle="collapse" data-target='#div_et10_2'>错误</button>
    <div id='div_et10_2' class="collapse">  -->
    <!-- 默认展开output信息 -Findyou -->
    <button id='btn_et10_2' type="button"  class="btn-xs" data-toggle="collapse" data-target='#div_et10_2'>错误</button>
    <div id='div_et10_2' class="collapse in">
    <pre style="text-align:left; ">
    
et10_2: Traceback (most recent call last):
  File "D:\code_2018_1031\reposForTest\automate_test\consoleTest\testsuites\test_plate_camera_manage.py", line 18, in setUp
    consolelogin.open_palte_camera()
  File "D:\code_2018_1031\reposForTest\automate_test\consoleTest\pageobjects\console_homepage.py", line 229, in open_palte_camera
    self.clicks(self.plate)
  File "D:\code_2018_1031\reposForTest\automate_test\consoleTest\framework\base_page.py", line 121, in clicks
    el = self.find_element(selector)
  File "D:\code_2018_1031\reposForTest\automate_test\consoleTest\framework\base_page.py", line 86, in find_element
    element = self.driver.find_element_by_xpath(selector_value)
  File "D:\Anaconda3\lib\site-packages\selenium\webdriver\remote\webdriver.py", line 394, in find_element_by_xpath
    return self.find_element(by=By.XPATH, value=xpath)
  File "D:\Anaconda3\lib\site-packages\selenium\webdriver\remote\webdriver.py", line 978, in find_element
    'value': value})['value']
  File "D:\Anaconda3\lib\site-packages\selenium\webdriver\remote\webdriver.py", line 321, in execute
    self.error_handler.check_response(response)
  File "D:\Anaconda3\lib\site-packages\selenium\webdriver\remote\errorhandler.py", line 242, in check_response
    raise exception_class(message, screen, stacktrace)
selenium.common.exceptions.NoSuchElementException: Message: no such element: Unable to locate element: {"method":"xpath","selector":"//span[text()='车牌识别']"}
  (Session info: chrome=81.0.4044.129)



    </pre>
    </div>
    </td>
</tr>

<tr class='warning'>
    <td>test_plate_server_manage.face</td>
    <td class="text-center">1</td>
    <td class="text-center">0</td>
    <td class="text-center">0</td>
    <td class="text-center">1</td>
    <td class="text-center"><a href="javascript:showClassDetail('c11',1)" class="detail" id='c11'>详细</a></td>
</tr>

<tr id='et11_1' class='none'>
    <td class='errorCase'><div class='testcase'>test_set_plate_pass</div></td>
    <td colspan='5' align='center'>
    <!--默认收起output信息 -Findyou
    <button id='btn_et11_1' type="button"  class="btn-xs collapsed" data-toggle="collapse" data-target='#div_et11_1'>错误</button>
    <div id='div_et11_1' class="collapse">  -->
    <!-- 默认展开output信息 -Findyou -->
    <button id='btn_et11_1' type="button"  class="btn-xs" data-toggle="collapse" data-target='#div_et11_1'>错误</button>
    <div id='div_et11_1' class="collapse in">
    <pre style="text-align:left; ">
    
et11_1: Traceback (most recent call last):
  File "D:\code_2018_1031\reposForTest\automate_test\consoleTest\testsuites\test_plate_server_manage.py", line 42, in setUp
    consolelogin.open_palte_server()
  File "D:\code_2018_1031\reposForTest\automate_test\consoleTest\pageobjects\console_homepage.py", line 222, in open_palte_server
    self.clicks(self.plate)
  File "D:\code_2018_1031\reposForTest\automate_test\consoleTest\framework\base_page.py", line 121, in clicks
    el = self.find_element(selector)
  File "D:\code_2018_1031\reposForTest\automate_test\consoleTest\framework\base_page.py", line 86, in find_element
    element = self.driver.find_element_by_xpath(selector_value)
  File "D:\Anaconda3\lib\site-packages\selenium\webdriver\remote\webdriver.py", line 394, in find_element_by_xpath
    return self.find_element(by=By.XPATH, value=xpath)
  File "D:\Anaconda3\lib\site-packages\selenium\webdriver\remote\webdriver.py", line 978, in find_element
    'value': value})['value']
  File "D:\Anaconda3\lib\site-packages\selenium\webdriver\remote\webdriver.py", line 321, in execute
    self.error_handler.check_response(response)
  File "D:\Anaconda3\lib\site-packages\selenium\webdriver\remote\errorhandler.py", line 242, in check_response
    raise exception_class(message, screen, stacktrace)
selenium.common.exceptions.NoSuchElementException: Message: no such element: Unable to locate element: {"method":"xpath","selector":"//span[text()='车牌识别']"}
  (Session info: chrome=81.0.4044.129)



    </pre>
    </div>
    </td>
</tr>

<tr class='warning'>
    <td>test_ss_filt_imsi.real_time_imsi</td>
    <td class="text-center">1</td>
    <td class="text-center">0</td>
    <td class="text-center">0</td>
    <td class="text-center">1</td>
    <td class="text-center"><a href="javascript:showClassDetail('c12',1)" class="detail" id='c12'>详细</a></td>
</tr>

<tr id='et12_1' class='none'>
    <td class='errorCase'><div class='testcase'>test_01_clear_imsi</div></td>
    <td colspan='5' align='center'>
    <!--默认收起output信息 -Findyou
    <button id='btn_et12_1' type="button"  class="btn-xs collapsed" data-toggle="collapse" data-target='#div_et12_1'>错误</button>
    <div id='div_et12_1' class="collapse">  -->
    <!-- 默认展开output信息 -Findyou -->
    <button id='btn_et12_1' type="button"  class="btn-xs" data-toggle="collapse" data-target='#div_et12_1'>错误</button>
    <div id='div_et12_1' class="collapse in">
    <pre style="text-align:left; ">
    
et12_1: Traceback (most recent call last):
  File "D:\code_2018_1031\reposForTest\automate_test\consoleTest\testsuites\test_ss_filt_imsi.py", line 16, in setUp
    consolelogin.open_filt_imsi_list()
  File "D:\code_2018_1031\reposForTest\automate_test\consoleTest\pageobjects\console_homepage.py", line 159, in open_filt_imsi_list
    self.clicks(self.real_time_data)
  File "D:\code_2018_1031\reposForTest\automate_test\consoleTest\framework\base_page.py", line 121, in clicks
    el = self.find_element(selector)
  File "D:\code_2018_1031\reposForTest\automate_test\consoleTest\framework\base_page.py", line 86, in find_element
    element = self.driver.find_element_by_xpath(selector_value)
  File "D:\Anaconda3\lib\site-packages\selenium\webdriver\remote\webdriver.py", line 394, in find_element_by_xpath
    return self.find_element(by=By.XPATH, value=xpath)
  File "D:\Anaconda3\lib\site-packages\selenium\webdriver\remote\webdriver.py", line 978, in find_element
    'value': value})['value']
  File "D:\Anaconda3\lib\site-packages\selenium\webdriver\remote\webdriver.py", line 321, in execute
    self.error_handler.check_response(response)
  File "D:\Anaconda3\lib\site-packages\selenium\webdriver\remote\errorhandler.py", line 242, in check_response
    raise exception_class(message, screen, stacktrace)
selenium.common.exceptions.NoSuchElementException: Message: no such element: Unable to locate element: {"method":"xpath","selector":"//span[text()='实时数据']"}
  (Session info: chrome=81.0.4044.129)



    </pre>
    </div>
    </td>
</tr>

<tr class='warning'>
    <td>test_ss_kb_real_time_elemts.kb_real_time_elemts</td>
    <td class="text-center">1</td>
    <td class="text-center">0</td>
    <td class="text-center">0</td>
    <td class="text-center">1</td>
    <td class="text-center"><a href="javascript:showClassDetail('c13',1)" class="detail" id='c13'>详细</a></td>
</tr>

<tr id='et13_1' class='none'>
    <td class='errorCase'><div class='testcase'>test_reflash</div></td>
    <td colspan='5' align='center'>
    <!--默认收起output信息 -Findyou
    <button id='btn_et13_1' type="button"  class="btn-xs collapsed" data-toggle="collapse" data-target='#div_et13_1'>错误</button>
    <div id='div_et13_1' class="collapse">  -->
    <!-- 默认展开output信息 -Findyou -->
    <button id='btn_et13_1' type="button"  class="btn-xs" data-toggle="collapse" data-target='#div_et13_1'>错误</button>
    <div id='div_et13_1' class="collapse in">
    <pre style="text-align:left; ">
    
et13_1: Message: no such element: Unable to locate element: {"method":"xpath","selector":"//span[text()='实时数据']"}
  (Session info: chrome=81.0.4044.129)

Traceback (most recent call last):
  File "D:\code_2018_1031\reposForTest\automate_test\consoleTest\testsuites\test_ss_kb_real_time_elemts.py", line 28, in test_reflash
    self.driver.find_element_by_xpath(self.clear).click()
  File "D:\Anaconda3\lib\site-packages\selenium\webdriver\remote\webdriver.py", line 394, in find_element_by_xpath
    return self.find_element(by=By.XPATH, value=xpath)
  File "D:\Anaconda3\lib\site-packages\selenium\webdriver\remote\webdriver.py", line 978, in find_element
    'value': value})['value']
  File "D:\Anaconda3\lib\site-packages\selenium\webdriver\remote\webdriver.py", line 321, in execute
    self.error_handler.check_response(response)
  File "D:\Anaconda3\lib\site-packages\selenium\webdriver\remote\errorhandler.py", line 242, in check_response
    raise exception_class(message, screen, stacktrace)
selenium.common.exceptions.NoSuchElementException: Message: no such element: Unable to locate element: {"method":"xpath","selector":"(//button[@class="el-button el-button--success el-button--medium"])[2]"}
  (Session info: chrome=81.0.4044.129)



    </pre>
    </div>
    </td>
</tr>

<tr class='warning'>
    <td>test_ss_kb_tempera.kb_temperature</td>
    <td class="text-center">1</td>
    <td class="text-center">0</td>
    <td class="text-center">0</td>
    <td class="text-center">1</td>
    <td class="text-center"><a href="javascript:showClassDetail('c14',1)" class="detail" id='c14'>详细</a></td>
</tr>

<tr id='et14_1' class='none'>
    <td class='errorCase'><div class='testcase'>test_reflash</div></td>
    <td colspan='5' align='center'>
    <!--默认收起output信息 -Findyou
    <button id='btn_et14_1' type="button"  class="btn-xs collapsed" data-toggle="collapse" data-target='#div_et14_1'>错误</button>
    <div id='div_et14_1' class="collapse">  -->
    <!-- 默认展开output信息 -Findyou -->
    <button id='btn_et14_1' type="button"  class="btn-xs" data-toggle="collapse" data-target='#div_et14_1'>错误</button>
    <div id='div_et14_1' class="collapse in">
    <pre style="text-align:left; ">
    
et14_1: Message: no such element: Unable to locate element: {"method":"xpath","selector":"//span[text()='实时数据']"}
  (Session info: chrome=81.0.4044.129)

Traceback (most recent call last):
  File "D:\code_2018_1031\reposForTest\automate_test\consoleTest\testsuites\test_ss_kb_tempera.py", line 26, in test_reflash
    self.driver.find_element_by_xpath(self.reflash).click()
  File "D:\Anaconda3\lib\site-packages\selenium\webdriver\remote\webdriver.py", line 394, in find_element_by_xpath
    return self.find_element(by=By.XPATH, value=xpath)
  File "D:\Anaconda3\lib\site-packages\selenium\webdriver\remote\webdriver.py", line 978, in find_element
    'value': value})['value']
  File "D:\Anaconda3\lib\site-packages\selenium\webdriver\remote\webdriver.py", line 321, in execute
    self.error_handler.check_response(response)
  File "D:\Anaconda3\lib\site-packages\selenium\webdriver\remote\errorhandler.py", line 242, in check_response
    raise exception_class(message, screen, stacktrace)
selenium.common.exceptions.NoSuchElementException: Message: no such element: Unable to locate element: {"method":"xpath","selector":"//button[@class="el-button resetBtn el-button--text"]"}
  (Session info: chrome=81.0.4044.129)



    </pre>
    </div>
    </td>
</tr>

<tr class='warning'>
    <td>test_ss_radom_access.random_access</td>
    <td class="text-center">1</td>
    <td class="text-center">0</td>
    <td class="text-center">0</td>
    <td class="text-center">1</td>
    <td class="text-center"><a href="javascript:showClassDetail('c15',1)" class="detail" id='c15'>详细</a></td>
</tr>

<tr id='et15_1' class='none'>
    <td class='errorCase'><div class='testcase'>test_reflash</div></td>
    <td colspan='5' align='center'>
    <!--默认收起output信息 -Findyou
    <button id='btn_et15_1' type="button"  class="btn-xs collapsed" data-toggle="collapse" data-target='#div_et15_1'>错误</button>
    <div id='div_et15_1' class="collapse">  -->
    <!-- 默认展开output信息 -Findyou -->
    <button id='btn_et15_1' type="button"  class="btn-xs" data-toggle="collapse" data-target='#div_et15_1'>错误</button>
    <div id='div_et15_1' class="collapse in">
    <pre style="text-align:left; ">
    
et15_1: Message: no such element: Unable to locate element: {"method":"xpath","selector":"//span[text()='实时数据']"}
  (Session info: chrome=81.0.4044.129)

Traceback (most recent call last):
  File "D:\code_2018_1031\reposForTest\automate_test\consoleTest\testsuites\test_ss_radom_access.py", line 28, in test_reflash
    self.driver.find_element_by_xpath(self.rrc_reflash).clear()
  File "D:\Anaconda3\lib\site-packages\selenium\webdriver\remote\webdriver.py", line 394, in find_element_by_xpath
    return self.find_element(by=By.XPATH, value=xpath)
  File "D:\Anaconda3\lib\site-packages\selenium\webdriver\remote\webdriver.py", line 978, in find_element
    'value': value})['value']
  File "D:\Anaconda3\lib\site-packages\selenium\webdriver\remote\webdriver.py", line 321, in execute
    self.error_handler.check_response(response)
  File "D:\Anaconda3\lib\site-packages\selenium\webdriver\remote\errorhandler.py", line 242, in check_response
    raise exception_class(message, screen, stacktrace)
selenium.common.exceptions.NoSuchElementException: Message: no such element: Unable to locate element: {"method":"xpath","selector":"//input[@placeholder="请输入RRC查询间隔（秒）"]"}
  (Session info: chrome=81.0.4044.129)



    </pre>
    </div>
    </td>
</tr>

<tr class='warning'>
    <td>test_ss_real_time_imsi.real_time_imsi</td>
    <td class="text-center">4</td>
    <td class="text-center">3</td>
    <td class="text-center">0</td>
    <td class="text-center">1</td>
    <td class="text-center"><a href="javascript:showClassDetail('c16',4)" class="detail" id='c16'>详细</a></td>
</tr>

<tr id='et16_1' class='none'>
    <td class='errorCase'><div class='testcase'>test_add_imsi_fail</div></td>
    <td colspan='5' align='center'>
    <!--默认收起output信息 -Findyou
    <button id='btn_et16_1' type="button"  class="btn-xs collapsed" data-toggle="collapse" data-target='#div_et16_1'>错误</button>
    <div id='div_et16_1' class="collapse">  -->
    <!-- 默认展开output信息 -Findyou -->
    <button id='btn_et16_1' type="button"  class="btn-xs" data-toggle="collapse" data-target='#div_et16_1'>错误</button>
    <div id='div_et16_1' class="collapse in">
    <pre style="text-align:left; ">
    
et16_1: Message: no such element: Unable to locate element: {"method":"xpath","selector":"//span[text()='实时数据']"}
  (Session info: chrome=81.0.4044.129)

Traceback (most recent call last):
  File "D:\code_2018_1031\reposForTest\automate_test\consoleTest\testsuites\test_ss_real_time_imsi.py", line 51, in test_add_imsi_fail
    rtime_imsi.click_add_imsi()
  File "D:\code_2018_1031\reposForTest\automate_test\consoleTest\pageobjects\ss_real_time_imsi_page.py", line 32, in click_add_imsi
    self.clicks(self.add_imsi)
  File "D:\code_2018_1031\reposForTest\automate_test\consoleTest\framework\base_page.py", line 121, in clicks
    el = self.find_element(selector)
  File "D:\code_2018_1031\reposForTest\automate_test\consoleTest\framework\base_page.py", line 86, in find_element
    element = self.driver.find_element_by_xpath(selector_value)
  File "D:\Anaconda3\lib\site-packages\selenium\webdriver\remote\webdriver.py", line 394, in find_element_by_xpath
    return self.find_element(by=By.XPATH, value=xpath)
  File "D:\Anaconda3\lib\site-packages\selenium\webdriver\remote\webdriver.py", line 978, in find_element
    'value': value})['value']
  File "D:\Anaconda3\lib\site-packages\selenium\webdriver\remote\webdriver.py", line 321, in execute
    self.error_handler.check_response(response)
  File "D:\Anaconda3\lib\site-packages\selenium\webdriver\remote\errorhandler.py", line 242, in check_response
    raise exception_class(message, screen, stacktrace)
selenium.common.exceptions.NoSuchElementException: Message: no such element: Unable to locate element: {"method":"xpath","selector":"//span[text()='新增']"}
  (Session info: chrome=81.0.4044.129)



    </pre>
    </div>
    </td>
</tr>

<tr id='pt16_2' class='hiddenRow'>
    <td class='passCase'><div class='testcase'>test_add_imsi_pass</div></td>
    <td colspan='5' align='center'>
    <!--默认收起output信息 -Findyou
    <button id='btn_pt16_2' type="button"  class="btn-xs collapsed" data-toggle="collapse" data-target='#div_pt16_2'>通过</button>
    <div id='div_pt16_2' class="collapse">  -->
    <!-- 默认展开output信息 -Findyou -->
    <button id='btn_pt16_2' type="button"  class="btn-xs" data-toggle="collapse" data-target='#div_pt16_2'>通过</button>
    <div id='div_pt16_2' class="collapse in">
    <pre style="text-align:left; ">
    
pt16_2: Message: no such element: Unable to locate element: {"method":"xpath","selector":"//span[text()='实时数据']"}
  (Session info: chrome=81.0.4044.129)

Message: no such element: Unable to locate element: {"method":"xpath","selector":"//span[text()='新增']"}
  (Session info: chrome=81.0.4044.129)

Message: no such element: Unable to locate element: {"method":"xpath","selector":"//span[text()='新增']"}
  (Session info: chrome=81.0.4044.129)



    </pre>
    </div>
    </td>
</tr>

<tr id='pt16_3' class='hiddenRow'>
    <td class='passCase'><div class='testcase'>test_delet_imsi</div></td>
    <td colspan='5' align='center'>
    <!--默认收起output信息 -Findyou
    <button id='btn_pt16_3' type="button"  class="btn-xs collapsed" data-toggle="collapse" data-target='#div_pt16_3'>通过</button>
    <div id='div_pt16_3' class="collapse">  -->
    <!-- 默认展开output信息 -Findyou -->
    <button id='btn_pt16_3' type="button"  class="btn-xs" data-toggle="collapse" data-target='#div_pt16_3'>通过</button>
    <div id='div_pt16_3' class="collapse in">
    <pre style="text-align:left; ">
    
pt16_3: Message: no such element: Unable to locate element: {"method":"xpath","selector":"//span[text()='实时数据']"}
  (Session info: chrome=81.0.4044.129)

Message: no such element: Unable to locate element: {"method":"css selector","selector":"#app &gt; section &gt; section &gt; main"}
  (Session info: chrome=81.0.4044.129)



    </pre>
    </div>
    </td>
</tr>

<tr id='pt16_4' class='hiddenRow'>
    <td class='passCase'><div class='testcase'>test_down_file</div></td>
    <td colspan='5' align='center'>
    <!--默认收起output信息 -Findyou
    <button id='btn_pt16_4' type="button"  class="btn-xs collapsed" data-toggle="collapse" data-target='#div_pt16_4'>通过</button>
    <div id='div_pt16_4' class="collapse">  -->
    <!-- 默认展开output信息 -Findyou -->
    <button id='btn_pt16_4' type="button"  class="btn-xs" data-toggle="collapse" data-target='#div_pt16_4'>通过</button>
    <div id='div_pt16_4' class="collapse in">
    <pre style="text-align:left; ">
    
pt16_4: Message: no such element: Unable to locate element: {"method":"xpath","selector":"//span[text()='实时数据']"}
  (Session info: chrome=81.0.4044.129)

Message: no such element: Unable to locate element: {"method":"xpath","selector":"//span[text()='下载模板']"}
  (Session info: chrome=81.0.4044.129)



    </pre>
    </div>
    </td>
</tr>

<tr class='warning'>
    <td>test_ss_scan_result.random_access</td>
    <td class="text-center">1</td>
    <td class="text-center">0</td>
    <td class="text-center">0</td>
    <td class="text-center">1</td>
    <td class="text-center"><a href="javascript:showClassDetail('c17',1)" class="detail" id='c17'>详细</a></td>
</tr>

<tr id='et17_1' class='none'>
    <td class='errorCase'><div class='testcase'>test_reflash</div></td>
    <td colspan='5' align='center'>
    <!--默认收起output信息 -Findyou
    <button id='btn_et17_1' type="button"  class="btn-xs collapsed" data-toggle="collapse" data-target='#div_et17_1'>错误</button>
    <div id='div_et17_1' class="collapse">  -->
    <!-- 默认展开output信息 -Findyou -->
    <button id='btn_et17_1' type="button"  class="btn-xs" data-toggle="collapse" data-target='#div_et17_1'>错误</button>
    <div id='div_et17_1' class="collapse in">
    <pre style="text-align:left; ">
    
et17_1: Message: no such element: Unable to locate element: {"method":"xpath","selector":"//span[text()='实时数据']"}
  (Session info: chrome=81.0.4044.129)

Traceback (most recent call last):
  File "D:\code_2018_1031\reposForTest\automate_test\consoleTest\testsuites\test_ss_scan_result.py", line 27, in test_reflash
    self.driver.find_element_by_xpath(self.clear).click()
  File "D:\Anaconda3\lib\site-packages\selenium\webdriver\remote\webdriver.py", line 394, in find_element_by_xpath
    return self.find_element(by=By.XPATH, value=xpath)
  File "D:\Anaconda3\lib\site-packages\selenium\webdriver\remote\webdriver.py", line 978, in find_element
    'value': value})['value']
  File "D:\Anaconda3\lib\site-packages\selenium\webdriver\remote\webdriver.py", line 321, in execute
    self.error_handler.check_response(response)
  File "D:\Anaconda3\lib\site-packages\selenium\webdriver\remote\errorhandler.py", line 242, in check_response
    raise exception_class(message, screen, stacktrace)
selenium.common.exceptions.NoSuchElementException: Message: no such element: Unable to locate element: {"method":"xpath","selector":"(//button[@class="el-button el-button--success el-button--medium"])[2]"}
  (Session info: chrome=81.0.4044.129)



    </pre>
    </div>
    </td>
</tr>

<tr class='warning'>
    <td>test_sys_log.log</td>
    <td class="text-center">1</td>
    <td class="text-center">0</td>
    <td class="text-center">0</td>
    <td class="text-center">1</td>
    <td class="text-center"><a href="javascript:showClassDetail('c18',1)" class="detail" id='c18'>详细</a></td>
</tr>

<tr id='et18_1' class='none'>
    <td class='errorCase'><div class='testcase'>test_01_load_all_console_log</div></td>
    <td colspan='5' align='center'>
    <!--默认收起output信息 -Findyou
    <button id='btn_et18_1' type="button"  class="btn-xs collapsed" data-toggle="collapse" data-target='#div_et18_1'>错误</button>
    <div id='div_et18_1' class="collapse">  -->
    <!-- 默认展开output信息 -Findyou -->
    <button id='btn_et18_1' type="button"  class="btn-xs" data-toggle="collapse" data-target='#div_et18_1'>错误</button>
    <div id='div_et18_1' class="collapse in">
    <pre style="text-align:left; ">
    
et18_1: Traceback (most recent call last):
  File "D:\code_2018_1031\reposForTest\automate_test\consoleTest\testsuites\test_sys_log.py", line 17, in setUp
    consolelogin.open_download_log()
  File "D:\code_2018_1031\reposForTest\automate_test\consoleTest\pageobjects\console_homepage.py", line 257, in open_download_log
    self.clicks(self.system_ctrl)
  File "D:\code_2018_1031\reposForTest\automate_test\consoleTest\framework\base_page.py", line 121, in clicks
    el = self.find_element(selector)
  File "D:\code_2018_1031\reposForTest\automate_test\consoleTest\framework\base_page.py", line 86, in find_element
    element = self.driver.find_element_by_xpath(selector_value)
  File "D:\Anaconda3\lib\site-packages\selenium\webdriver\remote\webdriver.py", line 394, in find_element_by_xpath
    return self.find_element(by=By.XPATH, value=xpath)
  File "D:\Anaconda3\lib\site-packages\selenium\webdriver\remote\webdriver.py", line 978, in find_element
    'value': value})['value']
  File "D:\Anaconda3\lib\site-packages\selenium\webdriver\remote\webdriver.py", line 321, in execute
    self.error_handler.check_response(response)
  File "D:\Anaconda3\lib\site-packages\selenium\webdriver\remote\errorhandler.py", line 242, in check_response
    raise exception_class(message, screen, stacktrace)
selenium.common.exceptions.NoSuchElementException: Message: no such element: Unable to locate element: {"method":"xpath","selector":"//span[text()='系统控制']"}
  (Session info: chrome=81.0.4044.129)



    </pre>
    </div>
    </td>
</tr>

<tr class='warning'>
    <td>test_sys_log_alarm.log_alarm</td>
    <td class="text-center">1</td>
    <td class="text-center">0</td>
    <td class="text-center">0</td>
    <td class="text-center">1</td>
    <td class="text-center"><a href="javascript:showClassDetail('c19',1)" class="detail" id='c19'>详细</a></td>
</tr>

<tr id='et19_1' class='none'>
    <td class='errorCase'><div class='testcase'>test_reflash</div></td>
    <td colspan='5' align='center'>
    <!--默认收起output信息 -Findyou
    <button id='btn_et19_1' type="button"  class="btn-xs collapsed" data-toggle="collapse" data-target='#div_et19_1'>错误</button>
    <div id='div_et19_1' class="collapse">  -->
    <!-- 默认展开output信息 -Findyou -->
    <button id='btn_et19_1' type="button"  class="btn-xs" data-toggle="collapse" data-target='#div_et19_1'>错误</button>
    <div id='div_et19_1' class="collapse in">
    <pre style="text-align:left; ">
    
et19_1: Traceback (most recent call last):
  File "D:\code_2018_1031\reposForTest\automate_test\consoleTest\testsuites\test_sys_log_alarm.py", line 17, in setUp
    consolelogin.open_alarm_log()
  File "D:\code_2018_1031\reposForTest\automate_test\consoleTest\pageobjects\console_homepage.py", line 250, in open_alarm_log
    self.clicks(self.system_ctrl)
  File "D:\code_2018_1031\reposForTest\automate_test\consoleTest\framework\base_page.py", line 121, in clicks
    el = self.find_element(selector)
  File "D:\code_2018_1031\reposForTest\automate_test\consoleTest\framework\base_page.py", line 86, in find_element
    element = self.driver.find_element_by_xpath(selector_value)
  File "D:\Anaconda3\lib\site-packages\selenium\webdriver\remote\webdriver.py", line 394, in find_element_by_xpath
    return self.find_element(by=By.XPATH, value=xpath)
  File "D:\Anaconda3\lib\site-packages\selenium\webdriver\remote\webdriver.py", line 978, in find_element
    'value': value})['value']
  File "D:\Anaconda3\lib\site-packages\selenium\webdriver\remote\webdriver.py", line 321, in execute
    self.error_handler.check_response(response)
  File "D:\Anaconda3\lib\site-packages\selenium\webdriver\remote\errorhandler.py", line 242, in check_response
    raise exception_class(message, screen, stacktrace)
selenium.common.exceptions.NoSuchElementException: Message: no such element: Unable to locate element: {"method":"xpath","selector":"//span[text()='系统控制']"}
  (Session info: chrome=81.0.4044.129)



    </pre>
    </div>
    </td>
</tr>

<tr class='success'>
    <td>test_sys_passwd_manage.passwd</td>
    <td class="text-center">1</td>
    <td class="text-center">1</td>
    <td class="text-center">0</td>
    <td class="text-center">0</td>
    <td class="text-center"><a href="javascript:showClassDetail('c20',1)" class="detail" id='c20'>详细</a></td>
</tr>

<tr id='pt20_1' class='hiddenRow'>
    <td class='passCase'><div class='testcase'>test_01_update_passwd</div></td>
    <td colspan='5' align='center'>
    <!--默认收起output信息 -Findyou
    <button id='btn_pt20_1' type="button"  class="btn-xs collapsed" data-toggle="collapse" data-target='#div_pt20_1'>通过</button>
    <div id='div_pt20_1' class="collapse">  -->
    <!-- 默认展开output信息 -Findyou -->
    <button id='btn_pt20_1' type="button"  class="btn-xs" data-toggle="collapse" data-target='#div_pt20_1'>通过</button>
    <div id='div_pt20_1' class="collapse in">
    <pre style="text-align:left; ">
    
pt20_1: Message: no such element: Unable to locate element: {"method":"xpath","selector":"//span[text()='系统控制']"}
  (Session info: chrome=81.0.4044.129)

old:123456,new1:,new2:123456
Message: no such element: Unable to locate element: {"method":"xpath","selector":"//*[@id="app"]/section/section/main/div/div[2]/div[3]/div/div/form/div[2]/div/div/input"}
  (Session info: chrome=81.0.4044.129)

old:1234#6,new1:123456,new2:123456
Message: no such element: Unable to locate element: {"method":"xpath","selector":"//*[@id="app"]/section/section/main/div/div[2]/div[3]/div/div/form/div[2]/div/div/input"}
  (Session info: chrome=81.0.4044.129)

old:123456,new1:1发56,new2:1发56
Message: no such element: Unable to locate element: {"method":"xpath","selector":"//*[@id="app"]/section/section/main/div/div[2]/div[3]/div/div/form/div[2]/div/div/input"}
  (Session info: chrome=81.0.4044.129)

old:123456,new1:#*456,new2:#*456
Message: no such element: Unable to locate element: {"method":"xpath","selector":"//*[@id="app"]/section/section/main/div/div[2]/div[3]/div/div/form/div[2]/div/div/input"}
  (Session info: chrome=81.0.4044.129)

old:123456,new1:123456,new2:123456
Message: no such element: Unable to locate element: {"method":"xpath","selector":"//*[@id="app"]/section/section/main/div/div[2]/div[3]/div/div/form/div[2]/div/div/input"}
  (Session info: chrome=81.0.4044.129)

old:123456,new1:12kjv^@#kjh3j&amp;456,new2:12kjv^@#kjh3j&amp;456
Message: no such element: Unable to locate element: {"method":"xpath","selector":"//*[@id="app"]/section/section/main/div/div[2]/div[3]/div/div/form/div[2]/div/div/input"}
  (Session info: chrome=81.0.4044.129)

old:133456,new1:123 好456,new2:123 好456
Message: no such element: Unable to locate element: {"method":"xpath","selector":"//*[@id="app"]/section/section/main/div/div[2]/div[3]/div/div/form/div[2]/div/div/input"}
  (Session info: chrome=81.0.4044.129)

old:123456,new1:123 好456,new2:123 好456
Message: no such element: Unable to locate element: {"method":"xpath","selector":"//*[@id="app"]/section/section/main/div/div[2]/div[3]/div/div/form/div[2]/div/div/input"}
  (Session info: chrome=81.0.4044.129)

old:123和*6,new1:113456,new2:113456
Message: no such element: Unable to locate element: {"method":"xpath","selector":"//*[@id="app"]/section/section/main/div/div[2]/div[3]/div/div/form/div[2]/div/div/input"}
  (Session info: chrome=81.0.4044.129)

old:123456,new1:13456,new2:333456
Message: no such element: Unable to locate element: {"method":"xpath","selector":"//*[@id="app"]/section/section/main/div/div[2]/div[3]/div/div/form/div[2]/div/div/input"}
  (Session info: chrome=81.0.4044.129)

old:123456,new1:123456,new2:123456
Message: no such element: Unable to locate element: {"method":"xpath","selector":"//*[@id="app"]/section/section/main/div/div[2]/div[3]/div/div/form/div[2]/div/div/input"}
  (Session info: chrome=81.0.4044.129)



    </pre>
    </div>
    </td>
</tr>

<tr class='warning'>
    <td>test_sys_route_track.log</td>
    <td class="text-center">1</td>
    <td class="text-center">0</td>
    <td class="text-center">0</td>
    <td class="text-center">1</td>
    <td class="text-center"><a href="javascript:showClassDetail('c21',1)" class="detail" id='c21'>详细</a></td>
</tr>

<tr id='et21_1' class='none'>
    <td class='errorCase'><div class='testcase'>test_01_route_track</div></td>
    <td colspan='5' align='center'>
    <!--默认收起output信息 -Findyou
    <button id='btn_et21_1' type="button"  class="btn-xs collapsed" data-toggle="collapse" data-target='#div_et21_1'>错误</button>
    <div id='div_et21_1' class="collapse">  -->
    <!-- 默认展开output信息 -Findyou -->
    <button id='btn_et21_1' type="button"  class="btn-xs" data-toggle="collapse" data-target='#div_et21_1'>错误</button>
    <div id='div_et21_1' class="collapse in">
    <pre style="text-align:left; ">
    
et21_1: Traceback (most recent call last):
  File "D:\code_2018_1031\reposForTest\automate_test\consoleTest\testsuites\test_sys_route_track.py", line 19, in setUp
    consolelogin.open_route_track()
  File "D:\code_2018_1031\reposForTest\automate_test\consoleTest\pageobjects\console_homepage.py", line 263, in open_route_track
    self.clicks(self.system_ctrl)
  File "D:\code_2018_1031\reposForTest\automate_test\consoleTest\framework\base_page.py", line 121, in clicks
    el = self.find_element(selector)
  File "D:\code_2018_1031\reposForTest\automate_test\consoleTest\framework\base_page.py", line 86, in find_element
    element = self.driver.find_element_by_xpath(selector_value)
  File "D:\Anaconda3\lib\site-packages\selenium\webdriver\remote\webdriver.py", line 394, in find_element_by_xpath
    return self.find_element(by=By.XPATH, value=xpath)
  File "D:\Anaconda3\lib\site-packages\selenium\webdriver\remote\webdriver.py", line 978, in find_element
    'value': value})['value']
  File "D:\Anaconda3\lib\site-packages\selenium\webdriver\remote\webdriver.py", line 321, in execute
    self.error_handler.check_response(response)
  File "D:\Anaconda3\lib\site-packages\selenium\webdriver\remote\errorhandler.py", line 242, in check_response
    raise exception_class(message, screen, stacktrace)
selenium.common.exceptions.NoSuchElementException: Message: no such element: Unable to locate element: {"method":"xpath","selector":"//span[text()='系统控制']"}
  (Session info: chrome=81.0.4044.129)



    </pre>
    </div>
    </td>
</tr>

<tr class='warning'>
    <td>test_sys_user_manage.user</td>
    <td class="text-center">1</td>
    <td class="text-center">0</td>
    <td class="text-center">0</td>
    <td class="text-center">1</td>
    <td class="text-center"><a href="javascript:showClassDetail('c22',1)" class="detail" id='c22'>详细</a></td>
</tr>

<tr id='et22_1' class='none'>
    <td class='errorCase'><div class='testcase'>test_add_user_fail</div></td>
    <td colspan='5' align='center'>
    <!--默认收起output信息 -Findyou
    <button id='btn_et22_1' type="button"  class="btn-xs collapsed" data-toggle="collapse" data-target='#div_et22_1'>错误</button>
    <div id='div_et22_1' class="collapse">  -->
    <!-- 默认展开output信息 -Findyou -->
    <button id='btn_et22_1' type="button"  class="btn-xs" data-toggle="collapse" data-target='#div_et22_1'>错误</button>
    <div id='div_et22_1' class="collapse in">
    <pre style="text-align:left; ">
    
et22_1: Traceback (most recent call last):
  File "D:\code_2018_1031\reposForTest\automate_test\consoleTest\testsuites\test_sys_user_manage.py", line 25, in setUp
    consolelogin.open_user_manage()
  File "D:\code_2018_1031\reposForTest\automate_test\consoleTest\pageobjects\console_homepage.py", line 236, in open_user_manage
    self.clicks(self.system_ctrl)
  File "D:\code_2018_1031\reposForTest\automate_test\consoleTest\framework\base_page.py", line 121, in clicks
    el = self.find_element(selector)
  File "D:\code_2018_1031\reposForTest\automate_test\consoleTest\framework\base_page.py", line 86, in find_element
    element = self.driver.find_element_by_xpath(selector_value)
  File "D:\Anaconda3\lib\site-packages\selenium\webdriver\remote\webdriver.py", line 394, in find_element_by_xpath
    return self.find_element(by=By.XPATH, value=xpath)
  File "D:\Anaconda3\lib\site-packages\selenium\webdriver\remote\webdriver.py", line 978, in find_element
    'value': value})['value']
  File "D:\Anaconda3\lib\site-packages\selenium\webdriver\remote\webdriver.py", line 321, in execute
    self.error_handler.check_response(response)
  File "D:\Anaconda3\lib\site-packages\selenium\webdriver\remote\errorhandler.py", line 242, in check_response
    raise exception_class(message, screen, stacktrace)
selenium.common.exceptions.NoSuchElementException: Message: no such element: Unable to locate element: {"method":"xpath","selector":"//span[text()='系统控制']"}
  (Session info: chrome=81.0.4044.129)



    </pre>
    </div>
    </td>
</tr>

<tr class='warning'>
    <td>test_wifi_mac_data.mac</td>
    <td class="text-center">1</td>
    <td class="text-center">0</td>
    <td class="text-center">0</td>
    <td class="text-center">1</td>
    <td class="text-center"><a href="javascript:showClassDetail('c23',1)" class="detail" id='c23'>详细</a></td>
</tr>

<tr id='et23_1' class='none'>
    <td class='errorCase'><div class='testcase'>test_01_select_week</div></td>
    <td colspan='5' align='center'>
    <!--默认收起output信息 -Findyou
    <button id='btn_et23_1' type="button"  class="btn-xs collapsed" data-toggle="collapse" data-target='#div_et23_1'>错误</button>
    <div id='div_et23_1' class="collapse">  -->
    <!-- 默认展开output信息 -Findyou -->
    <button id='btn_et23_1' type="button"  class="btn-xs" data-toggle="collapse" data-target='#div_et23_1'>错误</button>
    <div id='div_et23_1' class="collapse in">
    <pre style="text-align:left; ">
    
et23_1: Traceback (most recent call last):
  File "D:\code_2018_1031\reposForTest\automate_test\consoleTest\testsuites\test_wifi_mac_data.py", line 17, in setUp
    consolelogin.open_mac_data()
  File "D:\code_2018_1031\reposForTest\automate_test\consoleTest\pageobjects\console_homepage.py", line 194, in open_mac_data
    self.clicks(self.wifi_manage)
  File "D:\code_2018_1031\reposForTest\automate_test\consoleTest\framework\base_page.py", line 121, in clicks
    el = self.find_element(selector)
  File "D:\code_2018_1031\reposForTest\automate_test\consoleTest\framework\base_page.py", line 86, in find_element
    element = self.driver.find_element_by_xpath(selector_value)
  File "D:\Anaconda3\lib\site-packages\selenium\webdriver\remote\webdriver.py", line 394, in find_element_by_xpath
    return self.find_element(by=By.XPATH, value=xpath)
  File "D:\Anaconda3\lib\site-packages\selenium\webdriver\remote\webdriver.py", line 978, in find_element
    'value': value})['value']
  File "D:\Anaconda3\lib\site-packages\selenium\webdriver\remote\webdriver.py", line 321, in execute
    self.error_handler.check_response(response)
  File "D:\Anaconda3\lib\site-packages\selenium\webdriver\remote\errorhandler.py", line 242, in check_response
    raise exception_class(message, screen, stacktrace)
selenium.common.exceptions.NoSuchElementException: Message: no such element: Unable to locate element: {"method":"xpath","selector":"//span[text()='wifi管理']"}
  (Session info: chrome=81.0.4044.129)



    </pre>
    </div>
    </td>
</tr>

<tr class='warning'>
    <td>test_wifi_server.wifi_server</td>
    <td class="text-center">2</td>
    <td class="text-center">0</td>
    <td class="text-center">0</td>
    <td class="text-center">2</td>
    <td class="text-center"><a href="javascript:showClassDetail('c24',2)" class="detail" id='c24'>详细</a></td>
</tr>

<tr id='et24_1' class='none'>
    <td class='errorCase'><div class='testcase'>test_01_onlymainserver_fail</div></td>
    <td colspan='5' align='center'>
    <!--默认收起output信息 -Findyou
    <button id='btn_et24_1' type="button"  class="btn-xs collapsed" data-toggle="collapse" data-target='#div_et24_1'>错误</button>
    <div id='div_et24_1' class="collapse">  -->
    <!-- 默认展开output信息 -Findyou -->
    <button id='btn_et24_1' type="button"  class="btn-xs" data-toggle="collapse" data-target='#div_et24_1'>错误</button>
    <div id='div_et24_1' class="collapse in">
    <pre style="text-align:left; ">
    
et24_1: Traceback (most recent call last):
  File "D:\code_2018_1031\reposForTest\automate_test\consoleTest\testsuites\test_wifi_server.py", line 16, in setUp
    consolelogin.open_wifi_server_manage()
  File "D:\code_2018_1031\reposForTest\automate_test\consoleTest\pageobjects\console_homepage.py", line 187, in open_wifi_server_manage
    self.clicks(self.wifi_manage)
  File "D:\code_2018_1031\reposForTest\automate_test\consoleTest\framework\base_page.py", line 121, in clicks
    el = self.find_element(selector)
  File "D:\code_2018_1031\reposForTest\automate_test\consoleTest\framework\base_page.py", line 86, in find_element
    element = self.driver.find_element_by_xpath(selector_value)
  File "D:\Anaconda3\lib\site-packages\selenium\webdriver\remote\webdriver.py", line 394, in find_element_by_xpath
    return self.find_element(by=By.XPATH, value=xpath)
  File "D:\Anaconda3\lib\site-packages\selenium\webdriver\remote\webdriver.py", line 978, in find_element
    'value': value})['value']
  File "D:\Anaconda3\lib\site-packages\selenium\webdriver\remote\webdriver.py", line 321, in execute
    self.error_handler.check_response(response)
  File "D:\Anaconda3\lib\site-packages\selenium\webdriver\remote\errorhandler.py", line 242, in check_response
    raise exception_class(message, screen, stacktrace)
selenium.common.exceptions.NoSuchElementException: Message: no such element: Unable to locate element: {"method":"xpath","selector":"//span[text()='wifi管理']"}
  (Session info: chrome=81.0.4044.129)



    </pre>
    </div>
    </td>
</tr>

<tr id='et24_2' class='none'>
    <td class='errorCase'><div class='testcase'>test_01_onlymainserver_pass</div></td>
    <td colspan='5' align='center'>
    <!--默认收起output信息 -Findyou
    <button id='btn_et24_2' type="button"  class="btn-xs collapsed" data-toggle="collapse" data-target='#div_et24_2'>错误</button>
    <div id='div_et24_2' class="collapse">  -->
    <!-- 默认展开output信息 -Findyou -->
    <button id='btn_et24_2' type="button"  class="btn-xs" data-toggle="collapse" data-target='#div_et24_2'>错误</button>
    <div id='div_et24_2' class="collapse in">
    <pre style="text-align:left; ">
    
et24_2: Traceback (most recent call last):
  File "D:\code_2018_1031\reposForTest\automate_test\consoleTest\testsuites\test_wifi_server.py", line 16, in setUp
    consolelogin.open_wifi_server_manage()
  File "D:\code_2018_1031\reposForTest\automate_test\consoleTest\pageobjects\console_homepage.py", line 187, in open_wifi_server_manage
    self.clicks(self.wifi_manage)
  File "D:\code_2018_1031\reposForTest\automate_test\consoleTest\framework\base_page.py", line 121, in clicks
    el = self.find_element(selector)
  File "D:\code_2018_1031\reposForTest\automate_test\consoleTest\framework\base_page.py", line 86, in find_element
    element = self.driver.find_element_by_xpath(selector_value)
  File "D:\Anaconda3\lib\site-packages\selenium\webdriver\remote\webdriver.py", line 394, in find_element_by_xpath
    return self.find_element(by=By.XPATH, value=xpath)
  File "D:\Anaconda3\lib\site-packages\selenium\webdriver\remote\webdriver.py", line 978, in find_element
    'value': value})['value']
  File "D:\Anaconda3\lib\site-packages\selenium\webdriver\remote\webdriver.py", line 321, in execute
    self.error_handler.check_response(response)
  File "D:\Anaconda3\lib\site-packages\selenium\webdriver\remote\errorhandler.py", line 242, in check_response
    raise exception_class(message, screen, stacktrace)
selenium.common.exceptions.NoSuchElementException: Message: no such element: Unable to locate element: {"method":"xpath","selector":"//span[text()='wifi管理']"}
  (Session info: chrome=81.0.4044.129)



    </pre>
    </div>
    </td>
</tr>

<tr class='warning'>
    <td>test_wifi_virtual_identity.virtual_identity</td>
    <td class="text-center">1</td>
    <td class="text-center">0</td>
    <td class="text-center">0</td>
    <td class="text-center">1</td>
    <td class="text-center"><a href="javascript:showClassDetail('c25',1)" class="detail" id='c25'>详细</a></td>
</tr>

<tr id='et25_1' class='none'>
    <td class='errorCase'><div class='testcase'>test_01_onlymainserver</div></td>
    <td colspan='5' align='center'>
    <!--默认收起output信息 -Findyou
    <button id='btn_et25_1' type="button"  class="btn-xs collapsed" data-toggle="collapse" data-target='#div_et25_1'>错误</button>
    <div id='div_et25_1' class="collapse">  -->
    <!-- 默认展开output信息 -Findyou -->
    <button id='btn_et25_1' type="button"  class="btn-xs" data-toggle="collapse" data-target='#div_et25_1'>错误</button>
    <div id='div_et25_1' class="collapse in">
    <pre style="text-align:left; ">
    
et25_1: Traceback (most recent call last):
  File "D:\code_2018_1031\reposForTest\automate_test\consoleTest\testsuites\test_wifi_virtual_identity.py", line 16, in setUp
    consolelogin.open_virtual_data()
  File "D:\code_2018_1031\reposForTest\automate_test\consoleTest\pageobjects\console_homepage.py", line 201, in open_virtual_data
    self.clicks(self.wifi_manage)
  File "D:\code_2018_1031\reposForTest\automate_test\consoleTest\framework\base_page.py", line 121, in clicks
    el = self.find_element(selector)
  File "D:\code_2018_1031\reposForTest\automate_test\consoleTest\framework\base_page.py", line 86, in find_element
    element = self.driver.find_element_by_xpath(selector_value)
  File "D:\Anaconda3\lib\site-packages\selenium\webdriver\remote\webdriver.py", line 394, in find_element_by_xpath
    return self.find_element(by=By.XPATH, value=xpath)
  File "D:\Anaconda3\lib\site-packages\selenium\webdriver\remote\webdriver.py", line 978, in find_element
    'value': value})['value']
  File "D:\Anaconda3\lib\site-packages\selenium\webdriver\remote\webdriver.py", line 321, in execute
    self.error_handler.check_response(response)
  File "D:\Anaconda3\lib\site-packages\selenium\webdriver\remote\errorhandler.py", line 242, in check_response
    raise exception_class(message, screen, stacktrace)
selenium.common.exceptions.NoSuchElementException: Message: no such element: Unable to locate element: {"method":"xpath","selector":"//span[text()='wifi管理']"}
  (Session info: chrome=81.0.4044.129)



    </pre>
    </div>
    </td>
</tr>

<tr class='warning'>
    <td>test_zm_dateSelect.imsiData</td>
    <td class="text-center">1</td>
    <td class="text-center">0</td>
    <td class="text-center">0</td>
    <td class="text-center">1</td>
    <td class="text-center"><a href="javascript:showClassDetail('c26',1)" class="detail" id='c26'>详细</a></td>
</tr>

<tr id='et26_1' class='none'>
    <td class='errorCase'><div class='testcase'>test_01_selectAweek</div></td>
    <td colspan='5' align='center'>
    <!--默认收起output信息 -Findyou
    <button id='btn_et26_1' type="button"  class="btn-xs collapsed" data-toggle="collapse" data-target='#div_et26_1'>错误</button>
    <div id='div_et26_1' class="collapse">  -->
    <!-- 默认展开output信息 -Findyou -->
    <button id='btn_et26_1' type="button"  class="btn-xs" data-toggle="collapse" data-target='#div_et26_1'>错误</button>
    <div id='div_et26_1' class="collapse in">
    <pre style="text-align:left; ">
    
et26_1: Traceback (most recent call last):
  File "D:\code_2018_1031\reposForTest\automate_test\consoleTest\testsuites\test_zm_dateSelect.py", line 23, in test_01_selectAweek
    imsid.open_zmgl()
  File "D:\code_2018_1031\reposForTest\automate_test\consoleTest\pageobjects\zm_datapage.py", line 21, in open_zmgl
    self.clicks(self.zmgl)
  File "D:\code_2018_1031\reposForTest\automate_test\consoleTest\framework\base_page.py", line 121, in clicks
    el = self.find_element(selector)
  File "D:\code_2018_1031\reposForTest\automate_test\consoleTest\framework\base_page.py", line 86, in find_element
    element = self.driver.find_element_by_xpath(selector_value)
  File "D:\Anaconda3\lib\site-packages\selenium\webdriver\remote\webdriver.py", line 394, in find_element_by_xpath
    return self.find_element(by=By.XPATH, value=xpath)
  File "D:\Anaconda3\lib\site-packages\selenium\webdriver\remote\webdriver.py", line 978, in find_element
    'value': value})['value']
  File "D:\Anaconda3\lib\site-packages\selenium\webdriver\remote\webdriver.py", line 321, in execute
    self.error_handler.check_response(response)
  File "D:\Anaconda3\lib\site-packages\selenium\webdriver\remote\errorhandler.py", line 242, in check_response
    raise exception_class(message, screen, stacktrace)
selenium.common.exceptions.NoSuchElementException: Message: no such element: Unable to locate element: {"method":"xpath","selector":"//span[text()='侦码管理']"}
  (Session info: chrome=81.0.4044.129)



    </pre>
    </div>
    </td>
</tr>

<tr class='warning'>
    <td>test_zm_serverset.imsiSerSet</td>
    <td class="text-center">1</td>
    <td class="text-center">0</td>
    <td class="text-center">0</td>
    <td class="text-center">1</td>
    <td class="text-center"><a href="javascript:showClassDetail('c27',1)" class="detail" id='c27'>详细</a></td>
</tr>

<tr id='et27_1' class='none'>
    <td class='errorCase'><div class='testcase'>test_zmser01_onlyMain_fail</div></td>
    <td colspan='5' align='center'>
    <!--默认收起output信息 -Findyou
    <button id='btn_et27_1' type="button"  class="btn-xs collapsed" data-toggle="collapse" data-target='#div_et27_1'>错误</button>
    <div id='div_et27_1' class="collapse">  -->
    <!-- 默认展开output信息 -Findyou -->
    <button id='btn_et27_1' type="button"  class="btn-xs" data-toggle="collapse" data-target='#div_et27_1'>错误</button>
    <div id='div_et27_1' class="collapse in">
    <pre style="text-align:left; ">
    
et27_1: Traceback (most recent call last):
  File "D:\code_2018_1031\reposForTest\automate_test\consoleTest\testsuites\test_zm_serverset.py", line 57, in test_zmser01_onlyMain_fail
    setSer.open_zmgl()
  File "D:\code_2018_1031\reposForTest\automate_test\consoleTest\pageobjects\zm_server_setpage.py", line 24, in open_zmgl
    self.clicks(self.zmgl)
  File "D:\code_2018_1031\reposForTest\automate_test\consoleTest\framework\base_page.py", line 121, in clicks
    el = self.find_element(selector)
  File "D:\code_2018_1031\reposForTest\automate_test\consoleTest\framework\base_page.py", line 86, in find_element
    element = self.driver.find_element_by_xpath(selector_value)
  File "D:\Anaconda3\lib\site-packages\selenium\webdriver\remote\webdriver.py", line 394, in find_element_by_xpath
    return self.find_element(by=By.XPATH, value=xpath)
  File "D:\Anaconda3\lib\site-packages\selenium\webdriver\remote\webdriver.py", line 978, in find_element
    'value': value})['value']
  File "D:\Anaconda3\lib\site-packages\selenium\webdriver\remote\webdriver.py", line 321, in execute
    self.error_handler.check_response(response)
  File "D:\Anaconda3\lib\site-packages\selenium\webdriver\remote\errorhandler.py", line 242, in check_response
    raise exception_class(message, screen, stacktrace)
selenium.common.exceptions.NoSuchElementException: Message: no such element: Unable to locate element: {"method":"xpath","selector":"//span[text()='侦码管理']"}
  (Session info: chrome=81.0.4044.129)



    </pre>
    </div>
    </td>
</tr>

<tr id='total_row' class="text-center info">
    <td>总计</td>
    <td>43</td>
    <td>8</td>
    <td>0</td>
    <td>35</td>
    <td>通过率：18.60%</td>
</tr>
</table>

<div id='ending'> </div>
    <div style=" position:fixed;right:50px; bottom:30px; width:20px; height:20px;cursor:pointer">
    <a href="#"><span class="glyphicon glyphicon-eject" style = "font-size:30px;" aria-hidden="true">
    </span></a></div>
    
<script language="javascript" type="text/javascript">
output_list = Array();
// 修改按钮颜色显示错误问题 --Findyou v0.8.2.3
$("button[id^='btn_pt']").addClass("btn btn-success");
$("button[id^='btn_ft']").addClass("btn btn-danger");
$("button[id^='btn_et']").addClass("btn btn-warning");
/*level
增加分类并调整，增加error按钮事件 --Findyou v0.8.2.3
0:Pass    //pt none, ft hiddenRow, et hiddenRow
1:Failed  //pt hiddenRow, ft none, et hiddenRow
2:Error    //pt hiddenRow, ft hiddenRow, et none
3:All     //pt none, ft none, et none
4:Summary //all hiddenRow
*/
//add Error button event --Findyou v0.8.2.3
function showCase(level) {
    trs = document.getElementsByTagName("tr");
    for (var i = 0; i < trs.length; i++) {
        tr = trs[i];
        id = tr.id;
        if (id.substr(0,2) == 'ft') {
            if (level == 0 || level == 2 || level == 4 ) {
                tr.className = 'hiddenRow';
            }
            else {
                tr.className = '';
            }
        }
        if (id.substr(0,2) == 'pt') {
            if (level == 1 || level == 2 || level == 4) {
                tr.className = 'hiddenRow';
            }
            else {
                tr.className = '';
            }
        }
        if (id.substr(0,2) == 'et') {
            if (level == 0 || level == 1 || level == 4) {
                tr.className = 'hiddenRow';
            }
            else {
                tr.className = '';
            }
        }
    }
    //加入【详细】切换文字变化 --Findyou
    detail_class=document.getElementsByClassName('detail');
	//console.log(detail_class.length)
	if (level == 3) {
		for (var i = 0; i < detail_class.length; i++){
			detail_class[i].innerHTML="收起"
		}
	}
	else{
			for (var i = 0; i < detail_class.length; i++){
			detail_class[i].innerHTML="详细"
		}
	}
}
//add Error button event --Findyou v0.8.2.3
function showClassDetail(cid, count) {
    var id_list = Array(count);
    var toHide = 1;
    for (var i = 0; i < count; i++) {
        tid0 = 't' + cid.substr(1) + '_' + (i+1);
        tid = 'f' + tid0;
        tr = document.getElementById(tid);
        if (!tr) {
            tid = 'p' + tid0;
            tr = document.getElementById(tid);
        }
        if (!tr) {
            tid = 'e' + tid0;
            tr = document.getElementById(tid);
        }
        id_list[i] = tid;
        if (tr.className) {
            toHide = 0;
        }
    }
    for (var i = 0; i < count; i++) {
        tid = id_list[i];
        //修改点击无法收起的BUG，加入【详细】切换文字变化 --Findyou
        if (toHide) {
            document.getElementById(tid).className = 'hiddenRow';
            document.getElementById(cid).innerText = "详细"
        }
        else {
            document.getElementById(tid).className = '';
            document.getElementById(cid).innerText = "收起"
        }
    }
}
function html_escape(s) {
    s = s.replace(/&/g,'&');
    s = s.replace(/</g,'<');
    s = s.replace(/>/g,'>');
    return s;
}
//添加圆饼图  zl    2018.7.23
function drawCircle(canvasId, data_arr, color_arr, text_arr) {
     var c = document.getElementById(canvasId);
     var ctx = c.getContext("2d");
     var radius = c.height / 2 - 20; //半径  
     var ox = radius + 20,
         oy = radius + 20; //圆心  
     var width = 10,
         height = 10; //图例宽和高  
     var posX = ox * 2 + 20,
         posY = 30; //  
     var textX = posX + width + 5,
         textY = posY + 10;
     var startAngle = 0; //起始弧度  
     var endAngle = 0; //结束弧度  
     for (var i = 0; i < data_arr.length; i++) {
         //绘制饼图  
         endAngle = endAngle + data_arr[i] * Math.PI * 2; //结束弧度  
         ctx.fillStyle = color_arr[i];
         ctx.beginPath();
         ctx.moveTo(ox, oy); //移动到到圆心  
         ctx.arc(ox, oy, radius, startAngle, endAngle, false);
         ctx.closePath();
         ctx.fill();
         startAngle = endAngle; //设置起始弧度  
         //绘制比例图及文字  
         ctx.fillStyle = color_arr[i];
         ctx.fillRect(posX, posY + 30 * i, width, height);
         ctx.moveTo(posX, posY + 30 * i);
         ctx.font = 'bold 15px 微软雅黑'; //斜体 30像素 微软雅黑字体  
         ctx.fillStyle = color_arr[i]; //"#000000";  
         var percent = text_arr[i] + "：" + (100 * data_arr[i]).toFixed(2) + " %";
         ctx.fillText(percent, textX, textY + 30 * i);
     }
 }

function init() {
     var text_arr = ["通过", "失败", "错误"];
     var color_arr = ["#5CB85C","#D2322D", "#F0AD4E"];
     var data_arr = [0.18604651162790697,0.0,0.813953488372093];
     drawCircle("canvas_circle", data_arr, color_arr, text_arr);
 }

 window.onload = init;

</script>
</body>
</html>
